[2025-12-09 15:08:07] This is codeql database interpret-results -J-Xmx3089M --verbosity=progress --logdir=/home/drapsague/Devoteam/5_CIR/Lens/target/flask-db/log --format=csv -o=/home/drapsague/Devoteam/5_CIR/Lens/target/results.csv --max-paths=4 --csv-location-format=line-column --print-diagnostics-summary --print-metrics-summary --threads=5 --qlconfig-file=/home/drapsague/Devoteam/5_CIR/Lens/target/qlconfig.yml -- /home/drapsague/Devoteam/5_CIR/Lens/target/flask-db ./ql/externalApis.ql
[2025-12-09 15:08:07] Calling plumbing command: codeql resolve queries --qlconfig-file=/home/drapsague/Devoteam/5_CIR/Lens/target/qlconfig.yml --format=json -- ./ql/externalApis.ql
[2025-12-09 15:08:08] [PROGRESS] resolve queries> Recording pack reference getting-started/codeql-extra-queries-2-python at /home/drapsague/Devoteam/5_CIR/Lens/target/ql.
[2025-12-09 15:08:08] Plumbing command codeql resolve queries completed:
                      [
                        "/home/drapsague/Devoteam/5_CIR/Lens/target/ql/externalApis.ql"
                      ]
[2025-12-09 15:08:08] [PROGRESS] database interpret-results> Resolving extensions
[2025-12-09 15:08:08] Calling plumbing command: codeql resolve extensions --qlconfig-file=/home/drapsague/Devoteam/5_CIR/Lens/target/qlconfig.yml ./ql/externalApis.ql
[2025-12-09 15:08:08] Calling plumbing command: codeql resolve queries --qlconfig-file=/home/drapsague/Devoteam/5_CIR/Lens/target/qlconfig.yml --allow-library-packs --format startingpacks -- ./ql/externalApis.ql
[2025-12-09 15:08:08] [PROGRESS] resolve queries> Recording pack reference getting-started/codeql-extra-queries-2-python at /home/drapsague/Devoteam/5_CIR/Lens/target/ql.
[2025-12-09 15:08:08] Plumbing command codeql resolve queries completed:
                      [
                        "/home/drapsague/Devoteam/5_CIR/Lens/target/ql"
                      ]
[2025-12-09 15:08:08] Calling plumbing command: codeql resolve extensions-by-pack --qlconfig-file=/home/drapsague/Devoteam/5_CIR/Lens/target/qlconfig.yml -- /home/drapsague/Devoteam/5_CIR/Lens/target/ql
[2025-12-09 15:08:08] [SPAMMY] resolve extensions-by-pack> [INCOMPATIBILITY] getting-started/codeql-extra-queries-2-python: not 1.0.0 {root: getting-started/codeql-extra-queries-2-python@1.0.0}
[2025-12-09 15:08:08] [SPAMMY] resolve extensions-by-pack> [DERIVATION] getting-started/codeql-extra-queries-2-python: 1.0.0 {getting-started/codeql-extra-queries-2-python: not 1.0.0 {root: getting-started/codeql-extra-queries-2-python@1.0.0}}
[2025-12-09 15:08:08] [SPAMMY] resolve extensions-by-pack> [INCOMPATIBILITY] getting-started/codeql-extra-queries-2-python: * [*], codeql/python-all: not * [*] {dependency: getting-started/codeql-extra-queries-2-python@* [*] requires codeql/python-all@^4.0.14}
[2025-12-09 15:08:08] [SPAMMY] resolve extensions-by-pack> [DECISION 1] getting-started/codeql-extra-queries-2-python: 1.0.0
[2025-12-09 15:08:08] [SPAMMY] resolve extensions-by-pack> [DERIVATION] codeql/python-all: * [*] {getting-started/codeql-extra-queries-2-python: * [*], codeql/python-all: not * [*] {dependency: getting-started/codeql-extra-queries-2-python@* [*] requires codeql/python-all@^4.0.14}}
[2025-12-09 15:08:08] [SPAMMY] resolve extensions-by-pack> [INCOMPATIBILITY] codeql/python-all: * [*], codeql/concepts: not * [*] {dependency: codeql/python-all@* [*] requires codeql/concepts@0.0.4}
[2025-12-09 15:08:08] [SPAMMY] resolve extensions-by-pack> [INCOMPATIBILITY] codeql/python-all: * [*], codeql/dataflow: not * [*] {dependency: codeql/python-all@* [*] requires codeql/dataflow@2.0.14}
[2025-12-09 15:08:08] [SPAMMY] resolve extensions-by-pack> [INCOMPATIBILITY] codeql/python-all: * [*], codeql/mad: not * [*] {dependency: codeql/python-all@* [*] requires codeql/mad@1.0.30}
[2025-12-09 15:08:08] [SPAMMY] resolve extensions-by-pack> [INCOMPATIBILITY] codeql/python-all: * [*], codeql/regex: not * [*] {dependency: codeql/python-all@* [*] requires codeql/regex@1.0.30}
[2025-12-09 15:08:08] [SPAMMY] resolve extensions-by-pack> [INCOMPATIBILITY] codeql/python-all: * [*], codeql/threat-models: not * [*] {dependency: codeql/python-all@* [*] requires codeql/threat-models@1.0.30}
[2025-12-09 15:08:08] [SPAMMY] resolve extensions-by-pack> [INCOMPATIBILITY] codeql/python-all: * [*], codeql/tutorial: not * [*] {dependency: codeql/python-all@* [*] requires codeql/tutorial@1.0.30}
[2025-12-09 15:08:08] [SPAMMY] resolve extensions-by-pack> [INCOMPATIBILITY] codeql/python-all: * [*], codeql/util: not * [*] {dependency: codeql/python-all@* [*] requires codeql/util@2.0.17}
[2025-12-09 15:08:08] [SPAMMY] resolve extensions-by-pack> [INCOMPATIBILITY] codeql/python-all: * [*], codeql/xml: not * [*] {dependency: codeql/python-all@* [*] requires codeql/xml@1.0.30}
[2025-12-09 15:08:08] [SPAMMY] resolve extensions-by-pack> [INCOMPATIBILITY] codeql/python-all: * [*], codeql/yaml: not * [*] {dependency: codeql/python-all@* [*] requires codeql/yaml@1.0.30}
[2025-12-09 15:08:08] [SPAMMY] resolve extensions-by-pack> [DECISION 2] codeql/python-all: 4.0.14
[2025-12-09 15:08:08] [SPAMMY] resolve extensions-by-pack> [DERIVATION] codeql/yaml: * [*] {codeql/python-all: * [*], codeql/yaml: not * [*] {dependency: codeql/python-all@* [*] requires codeql/yaml@1.0.30}}
[2025-12-09 15:08:08] [SPAMMY] resolve extensions-by-pack> [DERIVATION] codeql/xml: * [*] {codeql/python-all: * [*], codeql/xml: not * [*] {dependency: codeql/python-all@* [*] requires codeql/xml@1.0.30}}
[2025-12-09 15:08:08] [SPAMMY] resolve extensions-by-pack> [DERIVATION] codeql/util: * [*] {codeql/python-all: * [*], codeql/util: not * [*] {dependency: codeql/python-all@* [*] requires codeql/util@2.0.17}}
[2025-12-09 15:08:08] [SPAMMY] resolve extensions-by-pack> [DERIVATION] codeql/tutorial: * [*] {codeql/python-all: * [*], codeql/tutorial: not * [*] {dependency: codeql/python-all@* [*] requires codeql/tutorial@1.0.30}}
[2025-12-09 15:08:08] [SPAMMY] resolve extensions-by-pack> [DERIVATION] codeql/threat-models: * [*] {codeql/python-all: * [*], codeql/threat-models: not * [*] {dependency: codeql/python-all@* [*] requires codeql/threat-models@1.0.30}}
[2025-12-09 15:08:08] [SPAMMY] resolve extensions-by-pack> [DERIVATION] codeql/regex: * [*] {codeql/python-all: * [*], codeql/regex: not * [*] {dependency: codeql/python-all@* [*] requires codeql/regex@1.0.30}}
[2025-12-09 15:08:08] [SPAMMY] resolve extensions-by-pack> [DERIVATION] codeql/mad: * [*] {codeql/python-all: * [*], codeql/mad: not * [*] {dependency: codeql/python-all@* [*] requires codeql/mad@1.0.30}}
[2025-12-09 15:08:08] [SPAMMY] resolve extensions-by-pack> [DERIVATION] codeql/dataflow: * [*] {codeql/python-all: * [*], codeql/dataflow: not * [*] {dependency: codeql/python-all@* [*] requires codeql/dataflow@2.0.14}}
[2025-12-09 15:08:08] [SPAMMY] resolve extensions-by-pack> [DERIVATION] codeql/concepts: * [*] {codeql/python-all: * [*], codeql/concepts: not * [*] {dependency: codeql/python-all@* [*] requires codeql/concepts@0.0.4}}
[2025-12-09 15:08:08] [SPAMMY] resolve extensions-by-pack> [INCOMPATIBILITY] codeql/concepts: * [*], codeql/dataflow: not * [*] {dependency: codeql/concepts@* [*] requires codeql/dataflow@2.0.14}
[2025-12-09 15:08:08] [SPAMMY] resolve extensions-by-pack> [INCOMPATIBILITY] codeql/concepts: * [*], codeql/util: not * [*] {dependency: codeql/concepts@* [*] requires codeql/util@2.0.17}
[2025-12-09 15:08:08] [SPAMMY] resolve extensions-by-pack> [DECISION 3] codeql/concepts: 0.0.4
[2025-12-09 15:08:08] [SPAMMY] resolve extensions-by-pack> [INCOMPATIBILITY] codeql/dataflow: * [*], codeql/controlflow: not * [*] {dependency: codeql/dataflow@* [*] requires codeql/controlflow@2.0.14}
[2025-12-09 15:08:08] [SPAMMY] resolve extensions-by-pack> [INCOMPATIBILITY] codeql/dataflow: * [*], codeql/ssa: not * [*] {dependency: codeql/dataflow@* [*] requires codeql/ssa@2.0.6}
[2025-12-09 15:08:08] [SPAMMY] resolve extensions-by-pack> [INCOMPATIBILITY] codeql/dataflow: * [*], codeql/typetracking: not * [*] {dependency: codeql/dataflow@* [*] requires codeql/typetracking@2.0.14}
[2025-12-09 15:08:08] [SPAMMY] resolve extensions-by-pack> [INCOMPATIBILITY] codeql/dataflow: * [*], codeql/util: not * [*] {dependency: codeql/dataflow@* [*] requires codeql/util@2.0.17}
[2025-12-09 15:08:08] [SPAMMY] resolve extensions-by-pack> [DECISION 4] codeql/dataflow: 2.0.14
[2025-12-09 15:08:08] [SPAMMY] resolve extensions-by-pack> [DERIVATION] codeql/typetracking: * [*] {codeql/dataflow: * [*], codeql/typetracking: not * [*] {dependency: codeql/dataflow@* [*] requires codeql/typetracking@2.0.14}}
[2025-12-09 15:08:08] [SPAMMY] resolve extensions-by-pack> [DERIVATION] codeql/ssa: * [*] {codeql/dataflow: * [*], codeql/ssa: not * [*] {dependency: codeql/dataflow@* [*] requires codeql/ssa@2.0.6}}
[2025-12-09 15:08:08] [SPAMMY] resolve extensions-by-pack> [DERIVATION] codeql/controlflow: * [*] {codeql/dataflow: * [*], codeql/controlflow: not * [*] {dependency: codeql/dataflow@* [*] requires codeql/controlflow@2.0.14}}
[2025-12-09 15:08:08] [SPAMMY] resolve extensions-by-pack> [INCOMPATIBILITY] codeql/controlflow: * [*], codeql/util: not * [*] {dependency: codeql/controlflow@* [*] requires codeql/util@2.0.17}
[2025-12-09 15:08:08] [SPAMMY] resolve extensions-by-pack> [DECISION 5] codeql/controlflow: 2.0.14
[2025-12-09 15:08:08] [SPAMMY] resolve extensions-by-pack> [INCOMPATIBILITY] codeql/mad: * [*], codeql/dataflow: not * [*] {dependency: codeql/mad@* [*] requires codeql/dataflow@2.0.14}
[2025-12-09 15:08:08] [SPAMMY] resolve extensions-by-pack> [INCOMPATIBILITY] codeql/mad: * [*], codeql/util: not * [*] {dependency: codeql/mad@* [*] requires codeql/util@2.0.17}
[2025-12-09 15:08:08] [SPAMMY] resolve extensions-by-pack> [DECISION 6] codeql/mad: 1.0.30
[2025-12-09 15:08:08] [SPAMMY] resolve extensions-by-pack> [INCOMPATIBILITY] codeql/regex: * [*], codeql/util: not * [*] {dependency: codeql/regex@* [*] requires codeql/util@2.0.17}
[2025-12-09 15:08:08] [SPAMMY] resolve extensions-by-pack> [DECISION 7] codeql/regex: 1.0.30
[2025-12-09 15:08:08] [SPAMMY] resolve extensions-by-pack> [INCOMPATIBILITY] codeql/ssa: * [*], codeql/controlflow: not * [*] {dependency: codeql/ssa@* [*] requires codeql/controlflow@2.0.14}
[2025-12-09 15:08:08] [SPAMMY] resolve extensions-by-pack> [INCOMPATIBILITY] codeql/ssa: * [*], codeql/util: not * [*] {dependency: codeql/ssa@* [*] requires codeql/util@2.0.17}
[2025-12-09 15:08:08] [SPAMMY] resolve extensions-by-pack> [DECISION 8] codeql/ssa: 2.0.6
[2025-12-09 15:08:08] [SPAMMY] resolve extensions-by-pack> [DECISION 9] codeql/threat-models: 1.0.30
[2025-12-09 15:08:08] [SPAMMY] resolve extensions-by-pack> [DECISION 10] codeql/tutorial: 1.0.30
[2025-12-09 15:08:08] [SPAMMY] resolve extensions-by-pack> [INCOMPATIBILITY] codeql/typetracking: * [*], codeql/util: not * [*] {dependency: codeql/typetracking@* [*] requires codeql/util@2.0.17}
[2025-12-09 15:08:08] [SPAMMY] resolve extensions-by-pack> [DECISION 11] codeql/typetracking: 2.0.14
[2025-12-09 15:08:08] [SPAMMY] resolve extensions-by-pack> [DECISION 12] codeql/util: 2.0.17
[2025-12-09 15:08:08] [SPAMMY] resolve extensions-by-pack> [INCOMPATIBILITY] codeql/xml: * [*], codeql/util: not * [*] {dependency: codeql/xml@* [*] requires codeql/util@2.0.17}
[2025-12-09 15:08:08] [SPAMMY] resolve extensions-by-pack> [DECISION 13] codeql/xml: 1.0.30
[2025-12-09 15:08:08] [SPAMMY] resolve extensions-by-pack> [DECISION 14] codeql/yaml: 1.0.30
[2025-12-09 15:08:08] [PROGRESS] resolve extensions-by-pack> Loading data extensions in /home/drapsague/.codeql/packages/codeql/python-all/4.0.14/ext/default-threat-models-fixup.model.yml.
[2025-12-09 15:08:08] [DETAILS] resolve extensions-by-pack>   Found extension targeting codeql/threat-models:threatModelConfiguration: 1 tuples.
[2025-12-09 15:08:08] [PROGRESS] resolve extensions-by-pack> Loading data extensions in /home/drapsague/.codeql/packages/codeql/python-all/4.0.14/semmle/python/frameworks/Asyncpg.model.yml.
[2025-12-09 15:08:08] [DETAILS] resolve extensions-by-pack>   Found extension targeting codeql/python-all:sinkModel: 5 tuples.
[2025-12-09 15:08:08] [DETAILS] resolve extensions-by-pack>   Found extension targeting codeql/python-all:typeModel: 6 tuples.
[2025-12-09 15:08:08] [PROGRESS] resolve extensions-by-pack> Loading data extensions in /home/drapsague/.codeql/packages/codeql/python-all/4.0.14/semmle/python/frameworks/Stdlib.model.yml.
[2025-12-09 15:08:08] [DETAILS] resolve extensions-by-pack>   Found extension targeting codeql/python-all:sourceModel: 12 tuples.
[2025-12-09 15:08:08] [DETAILS] resolve extensions-by-pack>   Found extension targeting codeql/python-all:sinkModel: 1 tuples.
[2025-12-09 15:08:08] [DETAILS] resolve extensions-by-pack>   Found extension targeting codeql/python-all:summaryModel: 66 tuples.
[2025-12-09 15:08:08] [DETAILS] resolve extensions-by-pack>   Found extension targeting codeql/python-all:neutralModel: 0 tuples.
[2025-12-09 15:08:08] [DETAILS] resolve extensions-by-pack>   Found extension targeting codeql/python-all:typeModel: 0 tuples.
[2025-12-09 15:08:08] [DETAILS] resolve extensions-by-pack>   Found extension targeting codeql/python-all:typeVariableModel: 0 tuples.
[2025-12-09 15:08:08] [PROGRESS] resolve extensions-by-pack> Loading data extensions in /home/drapsague/.codeql/packages/codeql/python-all/4.0.14/semmle/python/frameworks/data/internal/empty.model.yml.
[2025-12-09 15:08:08] [DETAILS] resolve extensions-by-pack>   Found extension targeting codeql/python-all:sourceModel: 0 tuples.
[2025-12-09 15:08:08] [DETAILS] resolve extensions-by-pack>   Found extension targeting codeql/python-all:sinkModel: 0 tuples.
[2025-12-09 15:08:08] [DETAILS] resolve extensions-by-pack>   Found extension targeting codeql/python-all:summaryModel: 0 tuples.
[2025-12-09 15:08:08] [DETAILS] resolve extensions-by-pack>   Found extension targeting codeql/python-all:neutralModel: 0 tuples.
[2025-12-09 15:08:08] [DETAILS] resolve extensions-by-pack>   Found extension targeting codeql/python-all:typeModel: 0 tuples.
[2025-12-09 15:08:08] [DETAILS] resolve extensions-by-pack>   Found extension targeting codeql/python-all:typeVariableModel: 0 tuples.
[2025-12-09 15:08:09] [PROGRESS] resolve extensions-by-pack> Loading data extensions in /home/drapsague/.codeql/packages/codeql/python-all/4.0.14/semmle/python/frameworks/data/internal/subclass-capture/ALL.model.yml.
[2025-12-09 15:08:09] [DETAILS] resolve extensions-by-pack>   Found extension targeting codeql/python-all:typeModel: 58275 tuples.
[2025-12-09 15:08:09] [PROGRESS] resolve extensions-by-pack> Loading data extensions in /home/drapsague/.codeql/packages/codeql/threat-models/1.0.30/ext/supported-threat-models.model.yml.
[2025-12-09 15:08:09] [DETAILS] resolve extensions-by-pack>   Found extension targeting codeql/threat-models:threatModelConfiguration: 1 tuples.
[2025-12-09 15:08:09] [PROGRESS] resolve extensions-by-pack> Loading data extensions in /home/drapsague/.codeql/packages/codeql/threat-models/1.0.30/ext/threat-model-grouping.model.yml.
[2025-12-09 15:08:09] [DETAILS] resolve extensions-by-pack>   Found extension targeting codeql/threat-models:threatModelGrouping: 15 tuples.
[2025-12-09 15:08:09] [PROGRESS] resolve extensions-by-pack> Loading data extensions in /home/drapsague/.codeql/packages/codeql/util/2.0.17/ext/default-alert-filter.yml.
[2025-12-09 15:08:09] [DETAILS] resolve extensions-by-pack>   Found extension targeting codeql/util:restrictAlertsTo: 0 tuples.
[2025-12-09 15:08:09] [DETAILS] resolve extensions-by-pack>   Found extension targeting codeql/util:restrictAlertsToExactLocation: 0 tuples.
[2025-12-09 15:08:09] Plumbing command codeql resolve extensions-by-pack completed:
                      {
                        "models" : [ ],
                        "data" : {
                          "/home/drapsague/Devoteam/5_CIR/Lens/target/ql" : [
                            {
                              "predicate" : "threatModelConfiguration",
                              "file" : "/home/drapsague/.codeql/packages/codeql/python-all/4.0.14/ext/default-threat-models-fixup.model.yml",
                              "index" : 0,
                              "firstRowId" : 0,
                              "rowCount" : 1,
                              "predicateHasOrigin" : false
                            },
                            {
                              "predicate" : "sinkModel",
                              "file" : "/home/drapsague/.codeql/packages/codeql/python-all/4.0.14/semmle/python/frameworks/Asyncpg.model.yml",
                              "index" : 0,
                              "firstRowId" : 1,
                              "rowCount" : 5,
                              "predicateHasOrigin" : true
                            },
                            {
                              "predicate" : "typeModel",
                              "file" : "/home/drapsague/.codeql/packages/codeql/python-all/4.0.14/semmle/python/frameworks/Asyncpg.model.yml",
                              "index" : 1,
                              "firstRowId" : 6,
                              "rowCount" : 6,
                              "predicateHasOrigin" : false
                            },
                            {
                              "predicate" : "sourceModel",
                              "file" : "/home/drapsague/.codeql/packages/codeql/python-all/4.0.14/semmle/python/frameworks/Stdlib.model.yml",
                              "index" : 0,
                              "firstRowId" : 12,
                              "rowCount" : 12,
                              "predicateHasOrigin" : true
                            },
                            {
                              "predicate" : "sinkModel",
                              "file" : "/home/drapsague/.codeql/packages/codeql/python-all/4.0.14/semmle/python/frameworks/Stdlib.model.yml",
                              "index" : 1,
                              "firstRowId" : 24,
                              "rowCount" : 1,
                              "predicateHasOrigin" : true
                            },
                            {
                              "predicate" : "summaryModel",
                              "file" : "/home/drapsague/.codeql/packages/codeql/python-all/4.0.14/semmle/python/frameworks/Stdlib.model.yml",
                              "index" : 2,
                              "firstRowId" : 25,
                              "rowCount" : 66,
                              "predicateHasOrigin" : true
                            },
                            {
                              "predicate" : "neutralModel",
                              "file" : "/home/drapsague/.codeql/packages/codeql/python-all/4.0.14/semmle/python/frameworks/Stdlib.model.yml",
                              "index" : 3,
                              "firstRowId" : 91,
                              "rowCount" : 0,
                              "predicateHasOrigin" : false
                            },
                            {
                              "predicate" : "typeModel",
                              "file" : "/home/drapsague/.codeql/packages/codeql/python-all/4.0.14/semmle/python/frameworks/Stdlib.model.yml",
                              "index" : 4,
                              "firstRowId" : 91,
                              "rowCount" : 0,
                              "predicateHasOrigin" : false
                            },
                            {
                              "predicate" : "typeVariableModel",
                              "file" : "/home/drapsague/.codeql/packages/codeql/python-all/4.0.14/semmle/python/frameworks/Stdlib.model.yml",
                              "index" : 5,
                              "firstRowId" : 91,
                              "rowCount" : 0,
                              "predicateHasOrigin" : false
                            },
                            {
                              "predicate" : "sourceModel",
                              "file" : "/home/drapsague/.codeql/packages/codeql/python-all/4.0.14/semmle/python/frameworks/data/internal/empty.model.yml",
                              "index" : 0,
                              "firstRowId" : 91,
                              "rowCount" : 0,
                              "predicateHasOrigin" : true
                            },
                            {
                              "predicate" : "sinkModel",
                              "file" : "/home/drapsague/.codeql/packages/codeql/python-all/4.0.14/semmle/python/frameworks/data/internal/empty.model.yml",
                              "index" : 1,
                              "firstRowId" : 91,
                              "rowCount" : 0,
                              "predicateHasOrigin" : true
                            },
                            {
                              "predicate" : "summaryModel",
                              "file" : "/home/drapsague/.codeql/packages/codeql/python-all/4.0.14/semmle/python/frameworks/data/internal/empty.model.yml",
                              "index" : 2,
                              "firstRowId" : 91,
                              "rowCount" : 0,
                              "predicateHasOrigin" : true
                            },
                            {
                              "predicate" : "neutralModel",
                              "file" : "/home/drapsague/.codeql/packages/codeql/python-all/4.0.14/semmle/python/frameworks/data/internal/empty.model.yml",
                              "index" : 3,
                              "firstRowId" : 91,
                              "rowCount" : 0,
                              "predicateHasOrigin" : false
                            },
                            {
                              "predicate" : "typeModel",
                              "file" : "/home/drapsague/.codeql/packages/codeql/python-all/4.0.14/semmle/python/frameworks/data/internal/empty.model.yml",
                              "index" : 4,
                              "firstRowId" : 91,
                              "rowCount" : 0,
                              "predicateHasOrigin" : false
                            },
                            {
                              "predicate" : "typeVariableModel",
                              "file" : "/home/drapsague/.codeql/packages/codeql/python-all/4.0.14/semmle/python/frameworks/data/internal/empty.model.yml",
                              "index" : 5,
                              "firstRowId" : 91,
                              "rowCount" : 0,
                              "predicateHasOrigin" : false
                            },
                            {
                              "predicate" : "typeModel",
                              "file" : "/home/drapsague/.codeql/packages/codeql/python-all/4.0.14/semmle/python/frameworks/data/internal/subclass-capture/ALL.model.yml",
                              "index" : 0,
                              "firstRowId" : 91,
                              "rowCount" : 58275,
                              "predicateHasOrigin" : false
                            },
                            {
                              "predicate" : "threatModelConfiguration",
                              "file" : "/home/drapsague/.codeql/packages/codeql/threat-models/1.0.30/ext/supported-threat-models.model.yml",
                              "index" : 0,
                              "firstRowId" : 58366,
                              "rowCount" : 1,
                              "predicateHasOrigin" : false
                            },
                            {
                              "predicate" : "threatModelGrouping",
                              "file" : "/home/drapsague/.codeql/packages/codeql/threat-models/1.0.30/ext/threat-model-grouping.model.yml",
                              "index" : 0,
                              "firstRowId" : 58367,
                              "rowCount" : 15,
                              "predicateHasOrigin" : false
                            },
                            {
                              "predicate" : "restrictAlertsTo",
                              "file" : "/home/drapsague/.codeql/packages/codeql/util/2.0.17/ext/default-alert-filter.yml",
                              "index" : 0,
                              "firstRowId" : 58382,
                              "rowCount" : 0,
                              "predicateHasOrigin" : false
                            },
                            {
                              "predicate" : "restrictAlertsToExactLocation",
                              "file" : "/home/drapsague/.codeql/packages/codeql/util/2.0.17/ext/default-alert-filter.yml",
                              "index" : 1,
                              "firstRowId" : 58382,
                              "rowCount" : 0,
                              "predicateHasOrigin" : false
                            }
                          ]
                        },
                        "threatModels" : {
                          "/home/drapsague/Devoteam/5_CIR/Lens/target/ql" : {
                            "extensions" : [
                              {
                                "data" : [ ],
                                "addsTo" : {
                                  "extensible" : "threatModelConfiguration",
                                  "checkPresence" : true,
                                  "packName" : "codeql/threat-models"
                                }
                              }
                            ]
                          }
                        },
                        "extensionPacks" : [ ]
                      }
[2025-12-09 15:08:09] Plumbing command codeql resolve extensions completed:
                      {
                        "models" : [ ],
                        "data" : {
                          "/home/drapsague/Devoteam/5_CIR/Lens/target/ql" : [
                            {
                              "predicate" : "threatModelConfiguration",
                              "file" : "/home/drapsague/.codeql/packages/codeql/python-all/4.0.14/ext/default-threat-models-fixup.model.yml",
                              "index" : 0,
                              "firstRowId" : 0,
                              "rowCount" : 1,
                              "predicateHasOrigin" : false
                            },
                            {
                              "predicate" : "sinkModel",
                              "file" : "/home/drapsague/.codeql/packages/codeql/python-all/4.0.14/semmle/python/frameworks/Asyncpg.model.yml",
                              "index" : 0,
                              "firstRowId" : 1,
                              "rowCount" : 5,
                              "predicateHasOrigin" : true
                            },
                            {
                              "predicate" : "typeModel",
                              "file" : "/home/drapsague/.codeql/packages/codeql/python-all/4.0.14/semmle/python/frameworks/Asyncpg.model.yml",
                              "index" : 1,
                              "firstRowId" : 6,
                              "rowCount" : 6,
                              "predicateHasOrigin" : false
                            },
                            {
                              "predicate" : "sourceModel",
                              "file" : "/home/drapsague/.codeql/packages/codeql/python-all/4.0.14/semmle/python/frameworks/Stdlib.model.yml",
                              "index" : 0,
                              "firstRowId" : 12,
                              "rowCount" : 12,
                              "predicateHasOrigin" : true
                            },
                            {
                              "predicate" : "sinkModel",
                              "file" : "/home/drapsague/.codeql/packages/codeql/python-all/4.0.14/semmle/python/frameworks/Stdlib.model.yml",
                              "index" : 1,
                              "firstRowId" : 24,
                              "rowCount" : 1,
                              "predicateHasOrigin" : true
                            },
                            {
                              "predicate" : "summaryModel",
                              "file" : "/home/drapsague/.codeql/packages/codeql/python-all/4.0.14/semmle/python/frameworks/Stdlib.model.yml",
                              "index" : 2,
                              "firstRowId" : 25,
                              "rowCount" : 66,
                              "predicateHasOrigin" : true
                            },
                            {
                              "predicate" : "neutralModel",
                              "file" : "/home/drapsague/.codeql/packages/codeql/python-all/4.0.14/semmle/python/frameworks/Stdlib.model.yml",
                              "index" : 3,
                              "firstRowId" : 91,
                              "rowCount" : 0,
                              "predicateHasOrigin" : false
                            },
                            {
                              "predicate" : "typeModel",
                              "file" : "/home/drapsague/.codeql/packages/codeql/python-all/4.0.14/semmle/python/frameworks/Stdlib.model.yml",
                              "index" : 4,
                              "firstRowId" : 91,
                              "rowCount" : 0,
                              "predicateHasOrigin" : false
                            },
                            {
                              "predicate" : "typeVariableModel",
                              "file" : "/home/drapsague/.codeql/packages/codeql/python-all/4.0.14/semmle/python/frameworks/Stdlib.model.yml",
                              "index" : 5,
                              "firstRowId" : 91,
                              "rowCount" : 0,
                              "predicateHasOrigin" : false
                            },
                            {
                              "predicate" : "sourceModel",
                              "file" : "/home/drapsague/.codeql/packages/codeql/python-all/4.0.14/semmle/python/frameworks/data/internal/empty.model.yml",
                              "index" : 0,
                              "firstRowId" : 91,
                              "rowCount" : 0,
                              "predicateHasOrigin" : true
                            },
                            {
                              "predicate" : "sinkModel",
                              "file" : "/home/drapsague/.codeql/packages/codeql/python-all/4.0.14/semmle/python/frameworks/data/internal/empty.model.yml",
                              "index" : 1,
                              "firstRowId" : 91,
                              "rowCount" : 0,
                              "predicateHasOrigin" : true
                            },
                            {
                              "predicate" : "summaryModel",
                              "file" : "/home/drapsague/.codeql/packages/codeql/python-all/4.0.14/semmle/python/frameworks/data/internal/empty.model.yml",
                              "index" : 2,
                              "firstRowId" : 91,
                              "rowCount" : 0,
                              "predicateHasOrigin" : true
                            },
                            {
                              "predicate" : "neutralModel",
                              "file" : "/home/drapsague/.codeql/packages/codeql/python-all/4.0.14/semmle/python/frameworks/data/internal/empty.model.yml",
                              "index" : 3,
                              "firstRowId" : 91,
                              "rowCount" : 0,
                              "predicateHasOrigin" : false
                            },
                            {
                              "predicate" : "typeModel",
                              "file" : "/home/drapsague/.codeql/packages/codeql/python-all/4.0.14/semmle/python/frameworks/data/internal/empty.model.yml",
                              "index" : 4,
                              "firstRowId" : 91,
                              "rowCount" : 0,
                              "predicateHasOrigin" : false
                            },
                            {
                              "predicate" : "typeVariableModel",
                              "file" : "/home/drapsague/.codeql/packages/codeql/python-all/4.0.14/semmle/python/frameworks/data/internal/empty.model.yml",
                              "index" : 5,
                              "firstRowId" : 91,
                              "rowCount" : 0,
                              "predicateHasOrigin" : false
                            },
                            {
                              "predicate" : "typeModel",
                              "file" : "/home/drapsague/.codeql/packages/codeql/python-all/4.0.14/semmle/python/frameworks/data/internal/subclass-capture/ALL.model.yml",
                              "index" : 0,
                              "firstRowId" : 91,
                              "rowCount" : 58275,
                              "predicateHasOrigin" : false
                            },
                            {
                              "predicate" : "threatModelConfiguration",
                              "file" : "/home/drapsague/.codeql/packages/codeql/threat-models/1.0.30/ext/supported-threat-models.model.yml",
                              "index" : 0,
                              "firstRowId" : 58366,
                              "rowCount" : 1,
                              "predicateHasOrigin" : false
                            },
                            {
                              "predicate" : "threatModelGrouping",
                              "file" : "/home/drapsague/.codeql/packages/codeql/threat-models/1.0.30/ext/threat-model-grouping.model.yml",
                              "index" : 0,
                              "firstRowId" : 58367,
                              "rowCount" : 15,
                              "predicateHasOrigin" : false
                            },
                            {
                              "predicate" : "restrictAlertsTo",
                              "file" : "/home/drapsague/.codeql/packages/codeql/util/2.0.17/ext/default-alert-filter.yml",
                              "index" : 0,
                              "firstRowId" : 58382,
                              "rowCount" : 0,
                              "predicateHasOrigin" : false
                            },
                            {
                              "predicate" : "restrictAlertsToExactLocation",
                              "file" : "/home/drapsague/.codeql/packages/codeql/util/2.0.17/ext/default-alert-filter.yml",
                              "index" : 1,
                              "firstRowId" : 58382,
                              "rowCount" : 0,
                              "predicateHasOrigin" : false
                            }
                          ]
                        },
                        "threatModels" : {
                          "/home/drapsague/Devoteam/5_CIR/Lens/target/ql" : {
                            "extensions" : [
                              {
                                "data" : [ ],
                                "addsTo" : {
                                  "extensible" : "threatModelConfiguration",
                                  "checkPresence" : true,
                                  "packName" : "codeql/threat-models"
                                }
                              }
                            ]
                          }
                        },
                        "extensionPacks" : [ ]
                      }
[2025-12-09 15:08:09] [PROGRESS] database interpret-results> Interpreting /home/drapsague/Devoteam/5_CIR/Lens/target/ql/externalApis.ql...
[2025-12-09 15:08:09] Calling plumbing command: codeql resolve library-path --query=/home/drapsague/Devoteam/5_CIR/Lens/target/ql/externalApis.ql --full-library-path=none --dbscheme=none --format=json
[2025-12-09 15:08:09] [DETAILS] resolve library-path> Resolving query at normalized path /home/drapsague/Devoteam/5_CIR/Lens/target/ql/externalApis.ql.
[2025-12-09 15:08:09] [DETAILS] resolve library-path> Found enclosing pack 'getting-started/codeql-extra-queries-2-python' at /home/drapsague/Devoteam/5_CIR/Lens/target/ql.
[2025-12-09 15:08:09] [DETAILS] resolve library-path> Adding compilation cache at /home/drapsague/.codeql/compile-cache.
[2025-12-09 15:08:09] [DETAILS] resolve library-path> Dbscheme was explicitly overridden as /home/drapsague/Devoteam/5_CIR/Lens/target/none
[2025-12-09 15:08:09] [DETAILS] resolve library-path> Library path was overridden on command line.
[2025-12-09 15:08:09] Plumbing command codeql resolve library-path completed:
                      {
                        "libraryPath" : [
                          "/home/drapsague/Devoteam/5_CIR/Lens/target/none"
                        ],
                        "dbscheme" : "/home/drapsague/Devoteam/5_CIR/Lens/target/none",
                        "compilationCache" : [
                          "/home/drapsague/.codeql/compile-cache"
                        ],
                        "relativeName" : "getting-started/codeql-extra-queries-2-python/externalApis.ql",
                        "qlPackName" : "getting-started/codeql-extra-queries-2-python"
                      }
[2025-12-09 15:08:09] [DETAILS] database interpret-results>  ... found results file at /home/drapsague/Devoteam/5_CIR/Lens/target/flask-db/results/getting-started/codeql-extra-queries-2-python/externalApis.bqrs.
[2025-12-09 15:08:09] Exception caught at top level: Could not process query metadata for /home/drapsague/Devoteam/5_CIR/Lens/target/flask-db/results/getting-started/codeql-extra-queries-2-python/externalApis.bqrs.
                      Error was: Expected result pattern(s) are not present for problem query: Expected alternating entity/string and string columns. [INVALID_RESULT_PATTERNS]
                      com.semmle.analysis.ql.QLToAnalysis.lambda$addQuery$4(QLToAnalysis.java:203)
                      java.base/java.util.Optional.map(Unknown Source)
                      com.semmle.util.data.Result.getOrThrow(Result.java:31)
                      com.semmle.analysis.ql.QLToAnalysis.addQuery(QLToAnalysis.java:197)
                      com.semmle.analysis.ql.QLToAnalysis.addQuery(QLToAnalysis.java:162)
                      com.semmle.cli2.database.InterpretResultsCommand.executeSubcommand(InterpretResultsCommand.java:322)
                      com.semmle.cli2.picocli.SubcommandCommon.lambda$executeSubcommandWithMessages$5(SubcommandCommon.java:892)
                      com.semmle.cli2.picocli.SubcommandCommon.withCompilationMessages(SubcommandCommon.java:444)
                      com.semmle.cli2.picocli.SubcommandCommon.executeSubcommandWithMessages(SubcommandCommon.java:890)
                      com.semmle.cli2.picocli.SubcommandCommon.toplevelMain(SubcommandCommon.java:777)
                      com.semmle.cli2.picocli.SubcommandCommon.call(SubcommandCommon.java:757)
                      com.semmle.cli2.picocli.SubcommandMaker.runMain(SubcommandMaker.java:238)
                      com.semmle.cli2.picocli.SubcommandMaker.runMain(SubcommandMaker.java:259)
                      com.semmle.cli2.CodeQL.main(CodeQL.java:113)
