[2025-12-09 14:53:19] This is codeql execute queries -J-Xmx1800M --off-heap-ram=1606 --verbosity=progress --logdir=/home/drapsague/Devoteam/5_CIR/Lens/target/flask-db/log --evaluator-log-level=5 --threads=4 --warnings=show --qlconfig-file=/home/drapsague/Devoteam/5_CIR/Lens/target/qlconfig.yml --dynamic-join-order-mode=none -- /home/drapsague/Devoteam/5_CIR/Lens/target/flask-db/db-python path:/home/drapsague/Devoteam/5_CIR/Lens/target/ql/externalApis.ql
[2025-12-09 14:53:19] Calling plumbing command: codeql resolve queries --qlconfig-file=/home/drapsague/Devoteam/5_CIR/Lens/target/qlconfig.yml --format=json -- path:/home/drapsague/Devoteam/5_CIR/Lens/target/ql/externalApis.ql
[2025-12-09 14:53:20] [PROGRESS] resolve queries> Recording pack reference (anonymous QL pack at /home/drapsague/Devoteam/5_CIR/Lens/target/ql/externalApis.ql) at /home/drapsague/Devoteam/5_CIR/Lens/target/ql.
[2025-12-09 14:53:20] Plumbing command codeql resolve queries completed:
                      [
                        "/home/drapsague/Devoteam/5_CIR/Lens/target/ql/externalApis.ql"
                      ]
[2025-12-09 14:53:20] Refusing fancy output: The terminal is not an xterm: screen-256color
[2025-12-09 14:53:20] Creating executor with 4 threads.
[2025-12-09 14:53:20] Calling plumbing command: codeql resolve extensions --qlconfig-file=/home/drapsague/Devoteam/5_CIR/Lens/target/qlconfig.yml --include-extension-row-locations path:/home/drapsague/Devoteam/5_CIR/Lens/target/ql/externalApis.ql
[2025-12-09 14:53:20] Calling plumbing command: codeql resolve queries --qlconfig-file=/home/drapsague/Devoteam/5_CIR/Lens/target/qlconfig.yml --allow-library-packs --format startingpacks -- path:/home/drapsague/Devoteam/5_CIR/Lens/target/ql/externalApis.ql
[2025-12-09 14:53:20] [PROGRESS] resolve queries> Recording pack reference (anonymous QL pack at /home/drapsague/Devoteam/5_CIR/Lens/target/ql/externalApis.ql) at /home/drapsague/Devoteam/5_CIR/Lens/target/ql.
[2025-12-09 14:53:20] Plumbing command codeql resolve queries completed:
                      [
                        "/home/drapsague/Devoteam/5_CIR/Lens/target/ql"
                      ]
[2025-12-09 14:53:20] Calling plumbing command: codeql resolve extensions-by-pack --qlconfig-file=/home/drapsague/Devoteam/5_CIR/Lens/target/qlconfig.yml --include-extension-row-locations -- /home/drapsague/Devoteam/5_CIR/Lens/target/ql
[2025-12-09 14:53:20] [SPAMMY] resolve extensions-by-pack> [INCOMPATIBILITY] <anonymous pack>: not 0.0.0 {root: <anonymous pack>@0.0.0}
[2025-12-09 14:53:20] [SPAMMY] resolve extensions-by-pack> [DERIVATION] <anonymous pack>: 0.0.0 {<anonymous pack>: not 0.0.0 {root: <anonymous pack>@0.0.0}}
[2025-12-09 14:53:20] [SPAMMY] resolve extensions-by-pack> [DECISION 1] <anonymous pack>: 0.0.0
[2025-12-09 14:53:20] Plumbing command codeql resolve extensions-by-pack completed:
                      {
                        "models" : [ ],
                        "data" : { },
                        "threatModels" : { },
                        "extensionPacks" : [ ]
                      }
[2025-12-09 14:53:20] Plumbing command codeql resolve extensions completed:
                      {
                        "models" : [ ],
                        "data" : { },
                        "threatModels" : { },
                        "extensionPacks" : [ ]
                      }
[2025-12-09 14:53:20] Calling plumbing command: codeql resolve library-path --qlconfig-file=/home/drapsague/Devoteam/5_CIR/Lens/target/qlconfig.yml --query=/home/drapsague/Devoteam/5_CIR/Lens/target/ql/externalApis.ql --format=json
[2025-12-09 14:53:20] [DETAILS] resolve library-path> Resolving query at normalized path /home/drapsague/Devoteam/5_CIR/Lens/target/ql/externalApis.ql.
[2025-12-09 14:53:20] [DETAILS] resolve library-path> Found no pack; trying after symlink resolution with /home/drapsague/Devoteam/5_CIR/Lens/target/ql/externalApis.ql.
[2025-12-09 14:53:20] [DETAILS] resolve library-path> Found enclosing pack 'ql' at /home/drapsague/Devoteam/5_CIR/Lens/target/ql.
[2025-12-09 14:53:20] [DETAILS] resolve library-path> Adding compilation cache at /home/drapsague/.codeql/compile-cache.
[2025-12-09 14:53:20] [DETAILS] resolve library-path> Resolving library dependencies from /home/drapsague/Devoteam/5_CIR/Lens/target/ql/externalApis.ql.
[2025-12-09 14:53:20] [SPAMMY] resolve library-path> [INCOMPATIBILITY] <anonymous pack>: not 0.0.0 {root: <anonymous pack>@0.0.0}
[2025-12-09 14:53:20] [SPAMMY] resolve library-path> [DERIVATION] <anonymous pack>: 0.0.0 {<anonymous pack>: not 0.0.0 {root: <anonymous pack>@0.0.0}}
[2025-12-09 14:53:20] [SPAMMY] resolve library-path> [DECISION 1] <anonymous pack>: 0.0.0
[2025-12-09 14:53:20] [DETAILS] resolve library-path> QL pack dependencies for /home/drapsague/Devoteam/5_CIR/Lens/target/ql resolved OK.
[2025-12-09 14:53:20] [DETAILS] resolve library-path> Found no dbscheme through dependencies.
[2025-12-09 14:53:20] Plumbing command codeql resolve library-path completed:
                      {
                        "libraryPath" : [
                          "/home/drapsague/Devoteam/5_CIR/Lens/target/ql"
                        ],
                        "compilationCache" : [
                          "/home/drapsague/.codeql/compile-cache"
                        ],
                        "relativeName" : "ql/externalApis.ql",
                        "possibleAdvice" : "There should probably be a qlpack.yml file declaring dependencies in /home/drapsague/Devoteam/5_CIR/Lens/target/ql or an enclosing directory.",
                        "qlPackName" : "ql"
                      }
[2025-12-09 14:53:20] [PROGRESS] execute queries> Compiling query plan for /home/drapsague/Devoteam/5_CIR/Lens/target/ql/externalApis.ql.
[2025-12-09 14:53:20] [DETAILS] execute queries> Resolving imports for /home/drapsague/Devoteam/5_CIR/Lens/target/ql/externalApis.ql.
[2025-12-09 14:53:20] Resolved file set for /home/drapsague/Devoteam/5_CIR/Lens/target/ql/externalApis.ql hashes to 39e39ea0d854cf0b979529bc6ea4e275.
[2025-12-09 14:53:20] [DETAILS] execute queries> Checking QL for /home/drapsague/Devoteam/5_CIR/Lens/target/ql/externalApis.ql.
[2025-12-09 14:53:20] Stale frontend caches are invalidated based on import graph reachability.
[2025-12-09 14:53:21] ExternalModuleBindingPass ...
[2025-12-09 14:53:21] ExternalModuleBindingPass time: 00:00.001
[2025-12-09 14:53:21] CollectInstantiationsPass ...
[2025-12-09 14:53:21] CollectInstantiationsPass time: 00:00.006
[2025-12-09 14:53:21] Ql checks ...
[2025-12-09 14:53:21] Ql checks time: 00:00.064
[2025-12-09 14:53:21] [ERROR] execute queries> ERROR: could not resolve module python (/home/drapsague/Devoteam/5_CIR/Lens/target/ql/externalApis.ql:1,8-14)
[2025-12-09 14:53:21] [ERROR] execute queries> ERROR: could not resolve module semmle.python.ApiGraphs (/home/drapsague/Devoteam/5_CIR/Lens/target/ql/externalApis.ql:2,8-31)
[2025-12-09 14:53:21] [ERROR] execute queries> ERROR: could not resolve module API (/home/drapsague/Devoteam/5_CIR/Lens/target/ql/externalApis.ql:4,25-28)
[2025-12-09 14:53:21] [ERROR] execute queries> ERROR: could not resolve module API (/home/drapsague/Devoteam/5_CIR/Lens/target/ql/externalApis.ql:15,6-9)
[2025-12-09 14:53:21] Sequence stamp origin is -5972030046298328286
[2025-12-09 14:53:21] Pausing evaluation to close the cache at sequence stamp o+0
[2025-12-09 14:53:21] The disk cache is freshly trimmed; leave it be.
[2025-12-09 14:53:21] Unpausing evaluation
[2025-12-09 14:53:21] This NaiveBuddyAllocator requested 0 eviction rounds.
[2025-12-09 14:53:21] Exiting with code 2
