[2025-12-09 17:03:05] This is codeql execute queries -J-Xmx1800M --off-heap-ram=1606 --verbosity=progress --logdir=/home/drapsague/Devoteam/5_CIR/Lens/target/flask-db/log --evaluator-log-level=5 --threads=5 --warnings=show --qlconfig-file=/home/drapsague/Devoteam/5_CIR/Lens/target/qlconfig.yml --dynamic-join-order-mode=none -- /home/drapsague/Devoteam/5_CIR/Lens/target/flask-db/db-python path:/home/drapsague/Devoteam/5_CIR/Lens/target/ql/internalFunc.ql
[2025-12-09 17:03:05] Calling plumbing command: codeql resolve queries --qlconfig-file=/home/drapsague/Devoteam/5_CIR/Lens/target/qlconfig.yml --format=json -- path:/home/drapsague/Devoteam/5_CIR/Lens/target/ql/internalFunc.ql
[2025-12-09 17:03:06] [PROGRESS] resolve queries> Recording pack reference getting-started/codeql-extra-queries-2-python at /home/drapsague/Devoteam/5_CIR/Lens/target/ql.
[2025-12-09 17:03:06] Plumbing command codeql resolve queries completed:
                      [
                        "/home/drapsague/Devoteam/5_CIR/Lens/target/ql/internalFunc.ql"
                      ]
[2025-12-09 17:03:06] Refusing fancy output: The terminal is not an xterm: screen-256color
[2025-12-09 17:03:06] Creating executor with 5 threads.
[2025-12-09 17:03:06] Calling plumbing command: codeql resolve extensions --qlconfig-file=/home/drapsague/Devoteam/5_CIR/Lens/target/qlconfig.yml --include-extension-row-locations path:/home/drapsague/Devoteam/5_CIR/Lens/target/ql/internalFunc.ql
[2025-12-09 17:03:06] Calling plumbing command: codeql resolve queries --qlconfig-file=/home/drapsague/Devoteam/5_CIR/Lens/target/qlconfig.yml --allow-library-packs --format startingpacks -- path:/home/drapsague/Devoteam/5_CIR/Lens/target/ql/internalFunc.ql
[2025-12-09 17:03:06] [PROGRESS] resolve queries> Recording pack reference getting-started/codeql-extra-queries-2-python at /home/drapsague/Devoteam/5_CIR/Lens/target/ql.
[2025-12-09 17:03:06] Plumbing command codeql resolve queries completed:
                      [
                        "/home/drapsague/Devoteam/5_CIR/Lens/target/ql"
                      ]
[2025-12-09 17:03:06] Calling plumbing command: codeql resolve extensions-by-pack --qlconfig-file=/home/drapsague/Devoteam/5_CIR/Lens/target/qlconfig.yml --include-extension-row-locations -- /home/drapsague/Devoteam/5_CIR/Lens/target/ql
[2025-12-09 17:03:06] [SPAMMY] resolve extensions-by-pack> [INCOMPATIBILITY] getting-started/codeql-extra-queries-2-python: not 1.0.0 {root: getting-started/codeql-extra-queries-2-python@1.0.0}
[2025-12-09 17:03:06] [SPAMMY] resolve extensions-by-pack> [DERIVATION] getting-started/codeql-extra-queries-2-python: 1.0.0 {getting-started/codeql-extra-queries-2-python: not 1.0.0 {root: getting-started/codeql-extra-queries-2-python@1.0.0}}
[2025-12-09 17:03:06] [SPAMMY] resolve extensions-by-pack> [INCOMPATIBILITY] getting-started/codeql-extra-queries-2-python: * [*], codeql/python-all: not * [*] {dependency: getting-started/codeql-extra-queries-2-python@* [*] requires codeql/python-all@^4.0.14}
[2025-12-09 17:03:06] [SPAMMY] resolve extensions-by-pack> [DECISION 1] getting-started/codeql-extra-queries-2-python: 1.0.0
[2025-12-09 17:03:06] [SPAMMY] resolve extensions-by-pack> [DERIVATION] codeql/python-all: * [*] {getting-started/codeql-extra-queries-2-python: * [*], codeql/python-all: not * [*] {dependency: getting-started/codeql-extra-queries-2-python@* [*] requires codeql/python-all@^4.0.14}}
[2025-12-09 17:03:06] [SPAMMY] resolve extensions-by-pack> [INCOMPATIBILITY] codeql/python-all: * [*], codeql/concepts: not * [*] {dependency: codeql/python-all@* [*] requires codeql/concepts@0.0.4}
[2025-12-09 17:03:06] [SPAMMY] resolve extensions-by-pack> [INCOMPATIBILITY] codeql/python-all: * [*], codeql/dataflow: not * [*] {dependency: codeql/python-all@* [*] requires codeql/dataflow@2.0.14}
[2025-12-09 17:03:06] [SPAMMY] resolve extensions-by-pack> [INCOMPATIBILITY] codeql/python-all: * [*], codeql/mad: not * [*] {dependency: codeql/python-all@* [*] requires codeql/mad@1.0.30}
[2025-12-09 17:03:06] [SPAMMY] resolve extensions-by-pack> [INCOMPATIBILITY] codeql/python-all: * [*], codeql/regex: not * [*] {dependency: codeql/python-all@* [*] requires codeql/regex@1.0.30}
[2025-12-09 17:03:06] [SPAMMY] resolve extensions-by-pack> [INCOMPATIBILITY] codeql/python-all: * [*], codeql/threat-models: not * [*] {dependency: codeql/python-all@* [*] requires codeql/threat-models@1.0.30}
[2025-12-09 17:03:06] [SPAMMY] resolve extensions-by-pack> [INCOMPATIBILITY] codeql/python-all: * [*], codeql/tutorial: not * [*] {dependency: codeql/python-all@* [*] requires codeql/tutorial@1.0.30}
[2025-12-09 17:03:06] [SPAMMY] resolve extensions-by-pack> [INCOMPATIBILITY] codeql/python-all: * [*], codeql/util: not * [*] {dependency: codeql/python-all@* [*] requires codeql/util@2.0.17}
[2025-12-09 17:03:06] [SPAMMY] resolve extensions-by-pack> [INCOMPATIBILITY] codeql/python-all: * [*], codeql/xml: not * [*] {dependency: codeql/python-all@* [*] requires codeql/xml@1.0.30}
[2025-12-09 17:03:06] [SPAMMY] resolve extensions-by-pack> [INCOMPATIBILITY] codeql/python-all: * [*], codeql/yaml: not * [*] {dependency: codeql/python-all@* [*] requires codeql/yaml@1.0.30}
[2025-12-09 17:03:06] [SPAMMY] resolve extensions-by-pack> [DECISION 2] codeql/python-all: 4.0.14
[2025-12-09 17:03:06] [SPAMMY] resolve extensions-by-pack> [DERIVATION] codeql/yaml: * [*] {codeql/python-all: * [*], codeql/yaml: not * [*] {dependency: codeql/python-all@* [*] requires codeql/yaml@1.0.30}}
[2025-12-09 17:03:06] [SPAMMY] resolve extensions-by-pack> [DERIVATION] codeql/xml: * [*] {codeql/python-all: * [*], codeql/xml: not * [*] {dependency: codeql/python-all@* [*] requires codeql/xml@1.0.30}}
[2025-12-09 17:03:06] [SPAMMY] resolve extensions-by-pack> [DERIVATION] codeql/util: * [*] {codeql/python-all: * [*], codeql/util: not * [*] {dependency: codeql/python-all@* [*] requires codeql/util@2.0.17}}
[2025-12-09 17:03:06] [SPAMMY] resolve extensions-by-pack> [DERIVATION] codeql/tutorial: * [*] {codeql/python-all: * [*], codeql/tutorial: not * [*] {dependency: codeql/python-all@* [*] requires codeql/tutorial@1.0.30}}
[2025-12-09 17:03:06] [SPAMMY] resolve extensions-by-pack> [DERIVATION] codeql/threat-models: * [*] {codeql/python-all: * [*], codeql/threat-models: not * [*] {dependency: codeql/python-all@* [*] requires codeql/threat-models@1.0.30}}
[2025-12-09 17:03:06] [SPAMMY] resolve extensions-by-pack> [DERIVATION] codeql/regex: * [*] {codeql/python-all: * [*], codeql/regex: not * [*] {dependency: codeql/python-all@* [*] requires codeql/regex@1.0.30}}
[2025-12-09 17:03:06] [SPAMMY] resolve extensions-by-pack> [DERIVATION] codeql/mad: * [*] {codeql/python-all: * [*], codeql/mad: not * [*] {dependency: codeql/python-all@* [*] requires codeql/mad@1.0.30}}
[2025-12-09 17:03:06] [SPAMMY] resolve extensions-by-pack> [DERIVATION] codeql/dataflow: * [*] {codeql/python-all: * [*], codeql/dataflow: not * [*] {dependency: codeql/python-all@* [*] requires codeql/dataflow@2.0.14}}
[2025-12-09 17:03:06] [SPAMMY] resolve extensions-by-pack> [DERIVATION] codeql/concepts: * [*] {codeql/python-all: * [*], codeql/concepts: not * [*] {dependency: codeql/python-all@* [*] requires codeql/concepts@0.0.4}}
[2025-12-09 17:03:06] [SPAMMY] resolve extensions-by-pack> [INCOMPATIBILITY] codeql/concepts: * [*], codeql/dataflow: not * [*] {dependency: codeql/concepts@* [*] requires codeql/dataflow@2.0.14}
[2025-12-09 17:03:06] [SPAMMY] resolve extensions-by-pack> [INCOMPATIBILITY] codeql/concepts: * [*], codeql/util: not * [*] {dependency: codeql/concepts@* [*] requires codeql/util@2.0.17}
[2025-12-09 17:03:06] [SPAMMY] resolve extensions-by-pack> [DECISION 3] codeql/concepts: 0.0.4
[2025-12-09 17:03:06] [SPAMMY] resolve extensions-by-pack> [INCOMPATIBILITY] codeql/dataflow: * [*], codeql/controlflow: not * [*] {dependency: codeql/dataflow@* [*] requires codeql/controlflow@2.0.14}
[2025-12-09 17:03:06] [SPAMMY] resolve extensions-by-pack> [INCOMPATIBILITY] codeql/dataflow: * [*], codeql/ssa: not * [*] {dependency: codeql/dataflow@* [*] requires codeql/ssa@2.0.6}
[2025-12-09 17:03:06] [SPAMMY] resolve extensions-by-pack> [INCOMPATIBILITY] codeql/dataflow: * [*], codeql/typetracking: not * [*] {dependency: codeql/dataflow@* [*] requires codeql/typetracking@2.0.14}
[2025-12-09 17:03:06] [SPAMMY] resolve extensions-by-pack> [INCOMPATIBILITY] codeql/dataflow: * [*], codeql/util: not * [*] {dependency: codeql/dataflow@* [*] requires codeql/util@2.0.17}
[2025-12-09 17:03:06] [SPAMMY] resolve extensions-by-pack> [DECISION 4] codeql/dataflow: 2.0.14
[2025-12-09 17:03:06] [SPAMMY] resolve extensions-by-pack> [DERIVATION] codeql/typetracking: * [*] {codeql/dataflow: * [*], codeql/typetracking: not * [*] {dependency: codeql/dataflow@* [*] requires codeql/typetracking@2.0.14}}
[2025-12-09 17:03:06] [SPAMMY] resolve extensions-by-pack> [DERIVATION] codeql/ssa: * [*] {codeql/dataflow: * [*], codeql/ssa: not * [*] {dependency: codeql/dataflow@* [*] requires codeql/ssa@2.0.6}}
[2025-12-09 17:03:06] [SPAMMY] resolve extensions-by-pack> [DERIVATION] codeql/controlflow: * [*] {codeql/dataflow: * [*], codeql/controlflow: not * [*] {dependency: codeql/dataflow@* [*] requires codeql/controlflow@2.0.14}}
[2025-12-09 17:03:06] [SPAMMY] resolve extensions-by-pack> [INCOMPATIBILITY] codeql/controlflow: * [*], codeql/util: not * [*] {dependency: codeql/controlflow@* [*] requires codeql/util@2.0.17}
[2025-12-09 17:03:06] [SPAMMY] resolve extensions-by-pack> [DECISION 5] codeql/controlflow: 2.0.14
[2025-12-09 17:03:06] [SPAMMY] resolve extensions-by-pack> [INCOMPATIBILITY] codeql/mad: * [*], codeql/dataflow: not * [*] {dependency: codeql/mad@* [*] requires codeql/dataflow@2.0.14}
[2025-12-09 17:03:06] [SPAMMY] resolve extensions-by-pack> [INCOMPATIBILITY] codeql/mad: * [*], codeql/util: not * [*] {dependency: codeql/mad@* [*] requires codeql/util@2.0.17}
[2025-12-09 17:03:06] [SPAMMY] resolve extensions-by-pack> [DECISION 6] codeql/mad: 1.0.30
[2025-12-09 17:03:06] [SPAMMY] resolve extensions-by-pack> [INCOMPATIBILITY] codeql/regex: * [*], codeql/util: not * [*] {dependency: codeql/regex@* [*] requires codeql/util@2.0.17}
[2025-12-09 17:03:06] [SPAMMY] resolve extensions-by-pack> [DECISION 7] codeql/regex: 1.0.30
[2025-12-09 17:03:06] [SPAMMY] resolve extensions-by-pack> [INCOMPATIBILITY] codeql/ssa: * [*], codeql/controlflow: not * [*] {dependency: codeql/ssa@* [*] requires codeql/controlflow@2.0.14}
[2025-12-09 17:03:06] [SPAMMY] resolve extensions-by-pack> [INCOMPATIBILITY] codeql/ssa: * [*], codeql/util: not * [*] {dependency: codeql/ssa@* [*] requires codeql/util@2.0.17}
[2025-12-09 17:03:06] [SPAMMY] resolve extensions-by-pack> [DECISION 8] codeql/ssa: 2.0.6
[2025-12-09 17:03:06] [SPAMMY] resolve extensions-by-pack> [DECISION 9] codeql/threat-models: 1.0.30
[2025-12-09 17:03:06] [SPAMMY] resolve extensions-by-pack> [DECISION 10] codeql/tutorial: 1.0.30
[2025-12-09 17:03:06] [SPAMMY] resolve extensions-by-pack> [INCOMPATIBILITY] codeql/typetracking: * [*], codeql/util: not * [*] {dependency: codeql/typetracking@* [*] requires codeql/util@2.0.17}
[2025-12-09 17:03:06] [SPAMMY] resolve extensions-by-pack> [DECISION 11] codeql/typetracking: 2.0.14
[2025-12-09 17:03:06] [SPAMMY] resolve extensions-by-pack> [DECISION 12] codeql/util: 2.0.17
[2025-12-09 17:03:06] [SPAMMY] resolve extensions-by-pack> [INCOMPATIBILITY] codeql/xml: * [*], codeql/util: not * [*] {dependency: codeql/xml@* [*] requires codeql/util@2.0.17}
[2025-12-09 17:03:06] [SPAMMY] resolve extensions-by-pack> [DECISION 13] codeql/xml: 1.0.30
[2025-12-09 17:03:06] [SPAMMY] resolve extensions-by-pack> [DECISION 14] codeql/yaml: 1.0.30
[2025-12-09 17:03:06] [PROGRESS] resolve extensions-by-pack> Loading data extensions in /home/drapsague/.codeql/packages/codeql/python-all/4.0.14/ext/default-threat-models-fixup.model.yml.
[2025-12-09 17:03:06] [DETAILS] resolve extensions-by-pack>   Found extension targeting codeql/threat-models:threatModelConfiguration: 1 tuples.
[2025-12-09 17:03:06] [PROGRESS] resolve extensions-by-pack> Loading data extensions in /home/drapsague/.codeql/packages/codeql/python-all/4.0.14/semmle/python/frameworks/Asyncpg.model.yml.
[2025-12-09 17:03:06] [DETAILS] resolve extensions-by-pack>   Found extension targeting codeql/python-all:sinkModel: 5 tuples.
[2025-12-09 17:03:06] [DETAILS] resolve extensions-by-pack>   Found extension targeting codeql/python-all:typeModel: 6 tuples.
[2025-12-09 17:03:06] [PROGRESS] resolve extensions-by-pack> Loading data extensions in /home/drapsague/.codeql/packages/codeql/python-all/4.0.14/semmle/python/frameworks/Stdlib.model.yml.
[2025-12-09 17:03:06] [DETAILS] resolve extensions-by-pack>   Found extension targeting codeql/python-all:sourceModel: 12 tuples.
[2025-12-09 17:03:06] [DETAILS] resolve extensions-by-pack>   Found extension targeting codeql/python-all:sinkModel: 1 tuples.
[2025-12-09 17:03:06] [DETAILS] resolve extensions-by-pack>   Found extension targeting codeql/python-all:summaryModel: 66 tuples.
[2025-12-09 17:03:06] [DETAILS] resolve extensions-by-pack>   Found extension targeting codeql/python-all:neutralModel: 0 tuples.
[2025-12-09 17:03:06] [DETAILS] resolve extensions-by-pack>   Found extension targeting codeql/python-all:typeModel: 0 tuples.
[2025-12-09 17:03:06] [DETAILS] resolve extensions-by-pack>   Found extension targeting codeql/python-all:typeVariableModel: 0 tuples.
[2025-12-09 17:03:06] [PROGRESS] resolve extensions-by-pack> Loading data extensions in /home/drapsague/.codeql/packages/codeql/python-all/4.0.14/semmle/python/frameworks/data/internal/empty.model.yml.
[2025-12-09 17:03:06] [DETAILS] resolve extensions-by-pack>   Found extension targeting codeql/python-all:sourceModel: 0 tuples.
[2025-12-09 17:03:06] [DETAILS] resolve extensions-by-pack>   Found extension targeting codeql/python-all:sinkModel: 0 tuples.
[2025-12-09 17:03:06] [DETAILS] resolve extensions-by-pack>   Found extension targeting codeql/python-all:summaryModel: 0 tuples.
[2025-12-09 17:03:06] [DETAILS] resolve extensions-by-pack>   Found extension targeting codeql/python-all:neutralModel: 0 tuples.
[2025-12-09 17:03:06] [DETAILS] resolve extensions-by-pack>   Found extension targeting codeql/python-all:typeModel: 0 tuples.
[2025-12-09 17:03:06] [DETAILS] resolve extensions-by-pack>   Found extension targeting codeql/python-all:typeVariableModel: 0 tuples.
[2025-12-09 17:03:07] [PROGRESS] resolve extensions-by-pack> Loading data extensions in /home/drapsague/.codeql/packages/codeql/python-all/4.0.14/semmle/python/frameworks/data/internal/subclass-capture/ALL.model.yml.
[2025-12-09 17:03:07] [DETAILS] resolve extensions-by-pack>   Found extension targeting codeql/python-all:typeModel: 58275 tuples.
[2025-12-09 17:03:07] [PROGRESS] resolve extensions-by-pack> Loading data extensions in /home/drapsague/.codeql/packages/codeql/threat-models/1.0.30/ext/supported-threat-models.model.yml.
[2025-12-09 17:03:07] [DETAILS] resolve extensions-by-pack>   Found extension targeting codeql/threat-models:threatModelConfiguration: 1 tuples.
[2025-12-09 17:03:07] [PROGRESS] resolve extensions-by-pack> Loading data extensions in /home/drapsague/.codeql/packages/codeql/threat-models/1.0.30/ext/threat-model-grouping.model.yml.
[2025-12-09 17:03:07] [DETAILS] resolve extensions-by-pack>   Found extension targeting codeql/threat-models:threatModelGrouping: 15 tuples.
[2025-12-09 17:03:07] [PROGRESS] resolve extensions-by-pack> Loading data extensions in /home/drapsague/.codeql/packages/codeql/util/2.0.17/ext/default-alert-filter.yml.
[2025-12-09 17:03:07] [DETAILS] resolve extensions-by-pack>   Found extension targeting codeql/util:restrictAlertsTo: 0 tuples.
[2025-12-09 17:03:07] [DETAILS] resolve extensions-by-pack>   Found extension targeting codeql/util:restrictAlertsToExactLocation: 0 tuples.
[2025-12-09 17:03:07] Plumbing command codeql resolve extensions-by-pack completed:
                      {
                        "models" : [ ],
                        "data" : {
                          "/home/drapsague/Devoteam/5_CIR/Lens/target/ql" : [
                            {
                              "predicate" : "threatModelConfiguration",
                              "file" : "/home/drapsague/.codeql/packages/codeql/python-all/4.0.14/ext/default-threat-models-fixup.model.yml",
                              "index" : 0,
                              "firstRowId" : 0,
                              "rowCount" : 1,
                              "predicateHasOrigin" : false,
                              "locations" : {
                                "lineNumbers" : "A=8",
                                "columnNumbers" : "A=9"
                              }
                            },
                            {
                              "predicate" : "sinkModel",
                              "file" : "/home/drapsague/.codeql/packages/codeql/python-all/4.0.14/semmle/python/frameworks/Asyncpg.model.yml",
                              "index" : 0,
                              "firstRowId" : 1,
                              "rowCount" : 5,
                              "predicateHasOrigin" : true,
                              "locations" : {
                                "lineNumbers" : "A=7+1+2+1+2",
                                "columnNumbers" : "A=9*5"
                              }
                            },
                            {
                              "predicate" : "typeModel",
                              "file" : "/home/drapsague/.codeql/packages/codeql/python-all/4.0.14/semmle/python/frameworks/Asyncpg.model.yml",
                              "index" : 1,
                              "firstRowId" : 6,
                              "rowCount" : 6,
                              "predicateHasOrigin" : false,
                              "locations" : {
                                "lineNumbers" : "A=20+4+1*2+2+1",
                                "columnNumbers" : "A=9*6"
                              }
                            },
                            {
                              "predicate" : "sourceModel",
                              "file" : "/home/drapsague/.codeql/packages/codeql/python-all/4.0.14/semmle/python/frameworks/Stdlib.model.yml",
                              "index" : 0,
                              "firstRowId" : 12,
                              "rowCount" : 12,
                              "predicateHasOrigin" : true,
                              "locations" : {
                                "lineNumbers" : "A=6+1*4+2+1+2+1*2+4+2",
                                "columnNumbers" : "A=9*12"
                              }
                            },
                            {
                              "predicate" : "sinkModel",
                              "file" : "/home/drapsague/.codeql/packages/codeql/python-all/4.0.14/semmle/python/frameworks/Stdlib.model.yml",
                              "index" : 1,
                              "firstRowId" : 24,
                              "rowCount" : 1,
                              "predicateHasOrigin" : true,
                              "locations" : {
                                "lineNumbers" : "A=29",
                                "columnNumbers" : "A=9"
                              }
                            },
                            {
                              "predicate" : "summaryModel",
                              "file" : "/home/drapsague/.codeql/packages/codeql/python-all/4.0.14/semmle/python/frameworks/Stdlib.model.yml",
                              "index" : 2,
                              "firstRowId" : 25,
                              "rowCount" : 66,
                              "predicateHasOrigin" : true,
                              "locations" : {
                                "lineNumbers" : "A=37+1+2+4+2*2+4+2*3+1+2+1+2+1+2+4+2+4+2*2+3+2*2+3+1+2*4+4+1+4+1+4+1*5+2*4+4+1+2*11+3+2+3+4+1+2*2+1+2",
                                "columnNumbers" : "A=9*66"
                              }
                            },
                            {
                              "predicate" : "neutralModel",
                              "file" : "/home/drapsague/.codeql/packages/codeql/python-all/4.0.14/semmle/python/frameworks/Stdlib.model.yml",
                              "index" : 3,
                              "firstRowId" : 91,
                              "rowCount" : 0,
                              "predicateHasOrigin" : false,
                              "locations" : {
                                "lineNumbers" : "A",
                                "columnNumbers" : "A"
                              }
                            },
                            {
                              "predicate" : "typeModel",
                              "file" : "/home/drapsague/.codeql/packages/codeql/python-all/4.0.14/semmle/python/frameworks/Stdlib.model.yml",
                              "index" : 4,
                              "firstRowId" : 91,
                              "rowCount" : 0,
                              "predicateHasOrigin" : false,
                              "locations" : {
                                "lineNumbers" : "A",
                                "columnNumbers" : "A"
                              }
                            },
                            {
                              "predicate" : "typeVariableModel",
                              "file" : "/home/drapsague/.codeql/packages/codeql/python-all/4.0.14/semmle/python/frameworks/Stdlib.model.yml",
                              "index" : 5,
                              "firstRowId" : 91,
                              "rowCount" : 0,
                              "predicateHasOrigin" : false,
                              "locations" : {
                                "lineNumbers" : "A",
                                "columnNumbers" : "A"
                              }
                            },
                            {
                              "predicate" : "sourceModel",
                              "file" : "/home/drapsague/.codeql/packages/codeql/python-all/4.0.14/semmle/python/frameworks/data/internal/empty.model.yml",
                              "index" : 0,
                              "firstRowId" : 91,
                              "rowCount" : 0,
                              "predicateHasOrigin" : true,
                              "locations" : {
                                "lineNumbers" : "A",
                                "columnNumbers" : "A"
                              }
                            },
                            {
                              "predicate" : "sinkModel",
                              "file" : "/home/drapsague/.codeql/packages/codeql/python-all/4.0.14/semmle/python/frameworks/data/internal/empty.model.yml",
                              "index" : 1,
                              "firstRowId" : 91,
                              "rowCount" : 0,
                              "predicateHasOrigin" : true,
                              "locations" : {
                                "lineNumbers" : "A",
                                "columnNumbers" : "A"
                              }
                            },
                            {
                              "predicate" : "summaryModel",
                              "file" : "/home/drapsague/.codeql/packages/codeql/python-all/4.0.14/semmle/python/frameworks/data/internal/empty.model.yml",
                              "index" : 2,
                              "firstRowId" : 91,
                              "rowCount" : 0,
                              "predicateHasOrigin" : true,
                              "locations" : {
                                "lineNumbers" : "A",
                                "columnNumbers" : "A"
                              }
                            },
                            {
                              "predicate" : "neutralModel",
                              "file" : "/home/drapsague/.codeql/packages/codeql/python-all/4.0.14/semmle/python/frameworks/data/internal/empty.model.yml",
                              "index" : 3,
                              "firstRowId" : 91,
                              "rowCount" : 0,
                              "predicateHasOrigin" : false,
                              "locations" : {
                                "lineNumbers" : "A",
                                "columnNumbers" : "A"
                              }
                            },
                            {
                              "predicate" : "typeModel",
                              "file" : "/home/drapsague/.codeql/packages/codeql/python-all/4.0.14/semmle/python/frameworks/data/internal/empty.model.yml",
                              "index" : 4,
                              "firstRowId" : 91,
                              "rowCount" : 0,
                              "predicateHasOrigin" : false,
                              "locations" : {
                                "lineNumbers" : "A",
                                "columnNumbers" : "A"
                              }
                            },
                            {
                              "predicate" : "typeVariableModel",
                              "file" : "/home/drapsague/.codeql/packages/codeql/python-all/4.0.14/semmle/python/frameworks/data/internal/empty.model.yml",
                              "index" : 5,
                              "firstRowId" : 91,
                              "rowCount" : 0,
                              "predicateHasOrigin" : false,
                              "locations" : {
                                "lineNumbers" : "A",
                                "columnNumbers" : "A"
                              }
                            },
                            {
                              "predicate" : "typeModel",
                              "file" : "/home/drapsague/.codeql/packages/codeql/python-all/4.0.14/semmle/python/frameworks/data/internal/subclass-capture/ALL.model.yml",
                              "index" : 0,
                              "firstRowId" : 91,
                              "rowCount" : 58275,
                              "predicateHasOrigin" : false,
                              "locations" : {
                                "lineNumbers" : "A=7+3*58274",
                                "columnNumbers" : "A=5*58275"
                              }
                            },
                            {
                              "predicate" : "threatModelConfiguration",
                              "file" : "/home/drapsague/.codeql/packages/codeql/threat-models/1.0.30/ext/supported-threat-models.model.yml",
                              "index" : 0,
                              "firstRowId" : 58366,
                              "rowCount" : 1,
                              "predicateHasOrigin" : false,
                              "locations" : {
                                "lineNumbers" : "A=6",
                                "columnNumbers" : "A=9"
                              }
                            },
                            {
                              "predicate" : "threatModelGrouping",
                              "file" : "/home/drapsague/.codeql/packages/codeql/threat-models/1.0.30/ext/threat-model-grouping.model.yml",
                              "index" : 0,
                              "firstRowId" : 58367,
                              "rowCount" : 15,
                              "predicateHasOrigin" : false,
                              "locations" : {
                                "lineNumbers" : "A=8+3+1+3+1*5+3+1+5+1*3",
                                "columnNumbers" : "A=9*15"
                              }
                            },
                            {
                              "predicate" : "restrictAlertsTo",
                              "file" : "/home/drapsague/.codeql/packages/codeql/util/2.0.17/ext/default-alert-filter.yml",
                              "index" : 0,
                              "firstRowId" : 58382,
                              "rowCount" : 0,
                              "predicateHasOrigin" : false,
                              "locations" : {
                                "lineNumbers" : "A",
                                "columnNumbers" : "A"
                              }
                            },
                            {
                              "predicate" : "restrictAlertsToExactLocation",
                              "file" : "/home/drapsague/.codeql/packages/codeql/util/2.0.17/ext/default-alert-filter.yml",
                              "index" : 1,
                              "firstRowId" : 58382,
                              "rowCount" : 0,
                              "predicateHasOrigin" : false,
                              "locations" : {
                                "lineNumbers" : "A",
                                "columnNumbers" : "A"
                              }
                            }
                          ]
                        },
                        "threatModels" : {
                          "/home/drapsague/Devoteam/5_CIR/Lens/target/ql" : {
                            "extensions" : [
                              {
                                "data" : [ ],
                                "addsTo" : {
                                  "extensible" : "threatModelConfiguration",
                                  "checkPresence" : true,
                                  "packName" : "codeql/threat-models"
                                }
                              }
                            ]
                          }
                        },
                        "extensionPacks" : [ ]
                      }
[2025-12-09 17:03:07] Plumbing command codeql resolve extensions completed:
                      {
                        "models" : [ ],
                        "data" : {
                          "/home/drapsague/Devoteam/5_CIR/Lens/target/ql" : [
                            {
                              "predicate" : "threatModelConfiguration",
                              "file" : "/home/drapsague/.codeql/packages/codeql/python-all/4.0.14/ext/default-threat-models-fixup.model.yml",
                              "index" : 0,
                              "firstRowId" : 0,
                              "rowCount" : 1,
                              "predicateHasOrigin" : false,
                              "locations" : {
                                "lineNumbers" : "A=8",
                                "columnNumbers" : "A=9"
                              }
                            },
                            {
                              "predicate" : "sinkModel",
                              "file" : "/home/drapsague/.codeql/packages/codeql/python-all/4.0.14/semmle/python/frameworks/Asyncpg.model.yml",
                              "index" : 0,
                              "firstRowId" : 1,
                              "rowCount" : 5,
                              "predicateHasOrigin" : true,
                              "locations" : {
                                "lineNumbers" : "A=7+1+2+1+2",
                                "columnNumbers" : "A=9*5"
                              }
                            },
                            {
                              "predicate" : "typeModel",
                              "file" : "/home/drapsague/.codeql/packages/codeql/python-all/4.0.14/semmle/python/frameworks/Asyncpg.model.yml",
                              "index" : 1,
                              "firstRowId" : 6,
                              "rowCount" : 6,
                              "predicateHasOrigin" : false,
                              "locations" : {
                                "lineNumbers" : "A=20+4+1*2+2+1",
                                "columnNumbers" : "A=9*6"
                              }
                            },
                            {
                              "predicate" : "sourceModel",
                              "file" : "/home/drapsague/.codeql/packages/codeql/python-all/4.0.14/semmle/python/frameworks/Stdlib.model.yml",
                              "index" : 0,
                              "firstRowId" : 12,
                              "rowCount" : 12,
                              "predicateHasOrigin" : true,
                              "locations" : {
                                "lineNumbers" : "A=6+1*4+2+1+2+1*2+4+2",
                                "columnNumbers" : "A=9*12"
                              }
                            },
                            {
                              "predicate" : "sinkModel",
                              "file" : "/home/drapsague/.codeql/packages/codeql/python-all/4.0.14/semmle/python/frameworks/Stdlib.model.yml",
                              "index" : 1,
                              "firstRowId" : 24,
                              "rowCount" : 1,
                              "predicateHasOrigin" : true,
                              "locations" : {
                                "lineNumbers" : "A=29",
                                "columnNumbers" : "A=9"
                              }
                            },
                            {
                              "predicate" : "summaryModel",
                              "file" : "/home/drapsague/.codeql/packages/codeql/python-all/4.0.14/semmle/python/frameworks/Stdlib.model.yml",
                              "index" : 2,
                              "firstRowId" : 25,
                              "rowCount" : 66,
                              "predicateHasOrigin" : true,
                              "locations" : {
                                "lineNumbers" : "A=37+1+2+4+2*2+4+2*3+1+2+1+2+1+2+4+2+4+2*2+3+2*2+3+1+2*4+4+1+4+1+4+1*5+2*4+4+1+2*11+3+2+3+4+1+2*2+1+2",
                                "columnNumbers" : "A=9*66"
                              }
                            },
                            {
                              "predicate" : "neutralModel",
                              "file" : "/home/drapsague/.codeql/packages/codeql/python-all/4.0.14/semmle/python/frameworks/Stdlib.model.yml",
                              "index" : 3,
                              "firstRowId" : 91,
                              "rowCount" : 0,
                              "predicateHasOrigin" : false,
                              "locations" : {
                                "lineNumbers" : "A",
                                "columnNumbers" : "A"
                              }
                            },
                            {
                              "predicate" : "typeModel",
                              "file" : "/home/drapsague/.codeql/packages/codeql/python-all/4.0.14/semmle/python/frameworks/Stdlib.model.yml",
                              "index" : 4,
                              "firstRowId" : 91,
                              "rowCount" : 0,
                              "predicateHasOrigin" : false,
                              "locations" : {
                                "lineNumbers" : "A",
                                "columnNumbers" : "A"
                              }
                            },
                            {
                              "predicate" : "typeVariableModel",
                              "file" : "/home/drapsague/.codeql/packages/codeql/python-all/4.0.14/semmle/python/frameworks/Stdlib.model.yml",
                              "index" : 5,
                              "firstRowId" : 91,
                              "rowCount" : 0,
                              "predicateHasOrigin" : false,
                              "locations" : {
                                "lineNumbers" : "A",
                                "columnNumbers" : "A"
                              }
                            },
                            {
                              "predicate" : "sourceModel",
                              "file" : "/home/drapsague/.codeql/packages/codeql/python-all/4.0.14/semmle/python/frameworks/data/internal/empty.model.yml",
                              "index" : 0,
                              "firstRowId" : 91,
                              "rowCount" : 0,
                              "predicateHasOrigin" : true,
                              "locations" : {
                                "lineNumbers" : "A",
                                "columnNumbers" : "A"
                              }
                            },
                            {
                              "predicate" : "sinkModel",
                              "file" : "/home/drapsague/.codeql/packages/codeql/python-all/4.0.14/semmle/python/frameworks/data/internal/empty.model.yml",
                              "index" : 1,
                              "firstRowId" : 91,
                              "rowCount" : 0,
                              "predicateHasOrigin" : true,
                              "locations" : {
                                "lineNumbers" : "A",
                                "columnNumbers" : "A"
                              }
                            },
                            {
                              "predicate" : "summaryModel",
                              "file" : "/home/drapsague/.codeql/packages/codeql/python-all/4.0.14/semmle/python/frameworks/data/internal/empty.model.yml",
                              "index" : 2,
                              "firstRowId" : 91,
                              "rowCount" : 0,
                              "predicateHasOrigin" : true,
                              "locations" : {
                                "lineNumbers" : "A",
                                "columnNumbers" : "A"
                              }
                            },
                            {
                              "predicate" : "neutralModel",
                              "file" : "/home/drapsague/.codeql/packages/codeql/python-all/4.0.14/semmle/python/frameworks/data/internal/empty.model.yml",
                              "index" : 3,
                              "firstRowId" : 91,
                              "rowCount" : 0,
                              "predicateHasOrigin" : false,
                              "locations" : {
                                "lineNumbers" : "A",
                                "columnNumbers" : "A"
                              }
                            },
                            {
                              "predicate" : "typeModel",
                              "file" : "/home/drapsague/.codeql/packages/codeql/python-all/4.0.14/semmle/python/frameworks/data/internal/empty.model.yml",
                              "index" : 4,
                              "firstRowId" : 91,
                              "rowCount" : 0,
                              "predicateHasOrigin" : false,
                              "locations" : {
                                "lineNumbers" : "A",
                                "columnNumbers" : "A"
                              }
                            },
                            {
                              "predicate" : "typeVariableModel",
                              "file" : "/home/drapsague/.codeql/packages/codeql/python-all/4.0.14/semmle/python/frameworks/data/internal/empty.model.yml",
                              "index" : 5,
                              "firstRowId" : 91,
                              "rowCount" : 0,
                              "predicateHasOrigin" : false,
                              "locations" : {
                                "lineNumbers" : "A",
                                "columnNumbers" : "A"
                              }
                            },
                            {
                              "predicate" : "typeModel",
                              "file" : "/home/drapsague/.codeql/packages/codeql/python-all/4.0.14/semmle/python/frameworks/data/internal/subclass-capture/ALL.model.yml",
                              "index" : 0,
                              "firstRowId" : 91,
                              "rowCount" : 58275,
                              "predicateHasOrigin" : false,
                              "locations" : {
                                "lineNumbers" : "A=7+3*58274",
                                "columnNumbers" : "A=5*58275"
                              }
                            },
                            {
                              "predicate" : "threatModelConfiguration",
                              "file" : "/home/drapsague/.codeql/packages/codeql/threat-models/1.0.30/ext/supported-threat-models.model.yml",
                              "index" : 0,
                              "firstRowId" : 58366,
                              "rowCount" : 1,
                              "predicateHasOrigin" : false,
                              "locations" : {
                                "lineNumbers" : "A=6",
                                "columnNumbers" : "A=9"
                              }
                            },
                            {
                              "predicate" : "threatModelGrouping",
                              "file" : "/home/drapsague/.codeql/packages/codeql/threat-models/1.0.30/ext/threat-model-grouping.model.yml",
                              "index" : 0,
                              "firstRowId" : 58367,
                              "rowCount" : 15,
                              "predicateHasOrigin" : false,
                              "locations" : {
                                "lineNumbers" : "A=8+3+1+3+1*5+3+1+5+1*3",
                                "columnNumbers" : "A=9*15"
                              }
                            },
                            {
                              "predicate" : "restrictAlertsTo",
                              "file" : "/home/drapsague/.codeql/packages/codeql/util/2.0.17/ext/default-alert-filter.yml",
                              "index" : 0,
                              "firstRowId" : 58382,
                              "rowCount" : 0,
                              "predicateHasOrigin" : false,
                              "locations" : {
                                "lineNumbers" : "A",
                                "columnNumbers" : "A"
                              }
                            },
                            {
                              "predicate" : "restrictAlertsToExactLocation",
                              "file" : "/home/drapsague/.codeql/packages/codeql/util/2.0.17/ext/default-alert-filter.yml",
                              "index" : 1,
                              "firstRowId" : 58382,
                              "rowCount" : 0,
                              "predicateHasOrigin" : false,
                              "locations" : {
                                "lineNumbers" : "A",
                                "columnNumbers" : "A"
                              }
                            }
                          ]
                        },
                        "threatModels" : {
                          "/home/drapsague/Devoteam/5_CIR/Lens/target/ql" : {
                            "extensions" : [
                              {
                                "data" : [ ],
                                "addsTo" : {
                                  "extensible" : "threatModelConfiguration",
                                  "checkPresence" : true,
                                  "packName" : "codeql/threat-models"
                                }
                              }
                            ]
                          }
                        },
                        "extensionPacks" : [ ]
                      }
[2025-12-09 17:03:07] [WARN] execute queries> Error retrieving qlpack commit hash from Git repository
                             org.eclipse.jgit.api.errors.NoHeadException: No HEAD exists and no explicit starting revision was specified
                             	at org.eclipse.jgit.api.LogCommand.call(LogCommand.java:129)
                             	at com.semmle.cli2.pack.PackUtil.getLastCommit(PackUtil.java:64)
                             	at com.semmle.cli2.pack.PackUtil.queryGitForHeadVersion(PackUtil.java:44)
                             	at com.semmle.cli2.bqrs.InterpretCommand.getQlPackSha(InterpretCommand.java:424)
                             	at com.semmle.cli2.execute.RunResultBuilder.lambda$addPack$0(RunResultBuilder.java:85)
                             	at java.base/java.util.TreeMap.callMappingFunctionWithCheck(Unknown Source)
                             	at java.base/java.util.TreeMap.computeIfAbsent(Unknown Source)
                             	at com.semmle.cli2.execute.RunResultBuilder.addPack(RunResultBuilder.java:82)
                             	at com.semmle.cli2.execute.RunResultBuilder.lambda$recordDataExtensions$4(RunResultBuilder.java:115)
                             	at java.base/java.util.LinkedHashMap.forEach(Unknown Source)
                             	at java.base/java.util.Collections$UnmodifiableMap.forEach(Unknown Source)
                             	at com.semmle.cli2.execute.RunResultBuilder.recordDataExtensions(RunResultBuilder.java:105)
                             	at com.semmle.cli2.execute.ExecuteQueriesCommand.executeSubcommand(ExecuteQueriesCommand.java:481)
                             	at com.semmle.cli2.picocli.SubcommandCommon.lambda$executeSubcommandWithMessages$5(SubcommandCommon.java:892)
                             	at com.semmle.cli2.picocli.SubcommandCommon.withCompilationMessages(SubcommandCommon.java:444)
                             	at com.semmle.cli2.picocli.SubcommandCommon.executeSubcommandWithMessages(SubcommandCommon.java:890)
                             	at com.semmle.cli2.picocli.SubcommandCommon.toplevelMain(SubcommandCommon.java:777)
                             	at com.semmle.cli2.picocli.SubcommandCommon.call(SubcommandCommon.java:757)
                             	at com.semmle.cli2.picocli.SubcommandMaker.runMain(SubcommandMaker.java:238)
                             	at com.semmle.cli2.picocli.SubcommandMaker.runMain(SubcommandMaker.java:259)
                             	at com.semmle.cli2.CodeQL.main(CodeQL.java:113)
[2025-12-09 17:03:07] Calling plumbing command: codeql resolve library-path --qlconfig-file=/home/drapsague/Devoteam/5_CIR/Lens/target/qlconfig.yml --query=/home/drapsague/Devoteam/5_CIR/Lens/target/ql/internalFunc.ql --format=json
[2025-12-09 17:03:07] [DETAILS] resolve library-path> Resolving query at normalized path /home/drapsague/Devoteam/5_CIR/Lens/target/ql/internalFunc.ql.
[2025-12-09 17:03:07] [DETAILS] resolve library-path> Found enclosing pack 'getting-started/codeql-extra-queries-2-python' at /home/drapsague/Devoteam/5_CIR/Lens/target/ql.
[2025-12-09 17:03:07] [DETAILS] resolve library-path> Adding compilation cache at /home/drapsague/.codeql/compile-cache.
[2025-12-09 17:03:07] [DETAILS] resolve library-path> Resolving library dependencies from /home/drapsague/Devoteam/5_CIR/Lens/target/ql/qlpack.yml.
[2025-12-09 17:03:07] [SPAMMY] resolve library-path> [INCOMPATIBILITY] getting-started/codeql-extra-queries-2-python: not 1.0.0 {root: getting-started/codeql-extra-queries-2-python@1.0.0}
[2025-12-09 17:03:07] [SPAMMY] resolve library-path> [DERIVATION] getting-started/codeql-extra-queries-2-python: 1.0.0 {getting-started/codeql-extra-queries-2-python: not 1.0.0 {root: getting-started/codeql-extra-queries-2-python@1.0.0}}
[2025-12-09 17:03:07] [SPAMMY] resolve library-path> [INCOMPATIBILITY] getting-started/codeql-extra-queries-2-python: * [*], codeql/python-all: not * [*] {dependency: getting-started/codeql-extra-queries-2-python@* [*] requires codeql/python-all@^4.0.14}
[2025-12-09 17:03:07] [SPAMMY] resolve library-path> [DECISION 1] getting-started/codeql-extra-queries-2-python: 1.0.0
[2025-12-09 17:03:07] [SPAMMY] resolve library-path> [DERIVATION] codeql/python-all: * [*] {getting-started/codeql-extra-queries-2-python: * [*], codeql/python-all: not * [*] {dependency: getting-started/codeql-extra-queries-2-python@* [*] requires codeql/python-all@^4.0.14}}
[2025-12-09 17:03:07] [SPAMMY] resolve library-path> [INCOMPATIBILITY] codeql/python-all: * [*], codeql/concepts: not * [*] {dependency: codeql/python-all@* [*] requires codeql/concepts@0.0.4}
[2025-12-09 17:03:07] [SPAMMY] resolve library-path> [INCOMPATIBILITY] codeql/python-all: * [*], codeql/dataflow: not * [*] {dependency: codeql/python-all@* [*] requires codeql/dataflow@2.0.14}
[2025-12-09 17:03:07] [SPAMMY] resolve library-path> [INCOMPATIBILITY] codeql/python-all: * [*], codeql/mad: not * [*] {dependency: codeql/python-all@* [*] requires codeql/mad@1.0.30}
[2025-12-09 17:03:07] [SPAMMY] resolve library-path> [INCOMPATIBILITY] codeql/python-all: * [*], codeql/regex: not * [*] {dependency: codeql/python-all@* [*] requires codeql/regex@1.0.30}
[2025-12-09 17:03:07] [SPAMMY] resolve library-path> [INCOMPATIBILITY] codeql/python-all: * [*], codeql/threat-models: not * [*] {dependency: codeql/python-all@* [*] requires codeql/threat-models@1.0.30}
[2025-12-09 17:03:07] [SPAMMY] resolve library-path> [INCOMPATIBILITY] codeql/python-all: * [*], codeql/tutorial: not * [*] {dependency: codeql/python-all@* [*] requires codeql/tutorial@1.0.30}
[2025-12-09 17:03:07] [SPAMMY] resolve library-path> [INCOMPATIBILITY] codeql/python-all: * [*], codeql/util: not * [*] {dependency: codeql/python-all@* [*] requires codeql/util@2.0.17}
[2025-12-09 17:03:07] [SPAMMY] resolve library-path> [INCOMPATIBILITY] codeql/python-all: * [*], codeql/xml: not * [*] {dependency: codeql/python-all@* [*] requires codeql/xml@1.0.30}
[2025-12-09 17:03:07] [SPAMMY] resolve library-path> [INCOMPATIBILITY] codeql/python-all: * [*], codeql/yaml: not * [*] {dependency: codeql/python-all@* [*] requires codeql/yaml@1.0.30}
[2025-12-09 17:03:07] [SPAMMY] resolve library-path> [DECISION 2] codeql/python-all: 4.0.14
[2025-12-09 17:03:07] [SPAMMY] resolve library-path> [DERIVATION] codeql/yaml: * [*] {codeql/python-all: * [*], codeql/yaml: not * [*] {dependency: codeql/python-all@* [*] requires codeql/yaml@1.0.30}}
[2025-12-09 17:03:07] [SPAMMY] resolve library-path> [DERIVATION] codeql/xml: * [*] {codeql/python-all: * [*], codeql/xml: not * [*] {dependency: codeql/python-all@* [*] requires codeql/xml@1.0.30}}
[2025-12-09 17:03:07] [SPAMMY] resolve library-path> [DERIVATION] codeql/util: * [*] {codeql/python-all: * [*], codeql/util: not * [*] {dependency: codeql/python-all@* [*] requires codeql/util@2.0.17}}
[2025-12-09 17:03:07] [SPAMMY] resolve library-path> [DERIVATION] codeql/tutorial: * [*] {codeql/python-all: * [*], codeql/tutorial: not * [*] {dependency: codeql/python-all@* [*] requires codeql/tutorial@1.0.30}}
[2025-12-09 17:03:07] [SPAMMY] resolve library-path> [DERIVATION] codeql/threat-models: * [*] {codeql/python-all: * [*], codeql/threat-models: not * [*] {dependency: codeql/python-all@* [*] requires codeql/threat-models@1.0.30}}
[2025-12-09 17:03:07] [SPAMMY] resolve library-path> [DERIVATION] codeql/regex: * [*] {codeql/python-all: * [*], codeql/regex: not * [*] {dependency: codeql/python-all@* [*] requires codeql/regex@1.0.30}}
[2025-12-09 17:03:07] [SPAMMY] resolve library-path> [DERIVATION] codeql/mad: * [*] {codeql/python-all: * [*], codeql/mad: not * [*] {dependency: codeql/python-all@* [*] requires codeql/mad@1.0.30}}
[2025-12-09 17:03:07] [SPAMMY] resolve library-path> [DERIVATION] codeql/dataflow: * [*] {codeql/python-all: * [*], codeql/dataflow: not * [*] {dependency: codeql/python-all@* [*] requires codeql/dataflow@2.0.14}}
[2025-12-09 17:03:07] [SPAMMY] resolve library-path> [DERIVATION] codeql/concepts: * [*] {codeql/python-all: * [*], codeql/concepts: not * [*] {dependency: codeql/python-all@* [*] requires codeql/concepts@0.0.4}}
[2025-12-09 17:03:07] [SPAMMY] resolve library-path> [INCOMPATIBILITY] codeql/concepts: * [*], codeql/dataflow: not * [*] {dependency: codeql/concepts@* [*] requires codeql/dataflow@2.0.14}
[2025-12-09 17:03:07] [SPAMMY] resolve library-path> [INCOMPATIBILITY] codeql/concepts: * [*], codeql/util: not * [*] {dependency: codeql/concepts@* [*] requires codeql/util@2.0.17}
[2025-12-09 17:03:07] [SPAMMY] resolve library-path> [DECISION 3] codeql/concepts: 0.0.4
[2025-12-09 17:03:07] [SPAMMY] resolve library-path> [INCOMPATIBILITY] codeql/dataflow: * [*], codeql/controlflow: not * [*] {dependency: codeql/dataflow@* [*] requires codeql/controlflow@2.0.14}
[2025-12-09 17:03:07] [SPAMMY] resolve library-path> [INCOMPATIBILITY] codeql/dataflow: * [*], codeql/ssa: not * [*] {dependency: codeql/dataflow@* [*] requires codeql/ssa@2.0.6}
[2025-12-09 17:03:07] [SPAMMY] resolve library-path> [INCOMPATIBILITY] codeql/dataflow: * [*], codeql/typetracking: not * [*] {dependency: codeql/dataflow@* [*] requires codeql/typetracking@2.0.14}
[2025-12-09 17:03:07] [SPAMMY] resolve library-path> [INCOMPATIBILITY] codeql/dataflow: * [*], codeql/util: not * [*] {dependency: codeql/dataflow@* [*] requires codeql/util@2.0.17}
[2025-12-09 17:03:07] [SPAMMY] resolve library-path> [DECISION 4] codeql/dataflow: 2.0.14
[2025-12-09 17:03:07] [SPAMMY] resolve library-path> [DERIVATION] codeql/typetracking: * [*] {codeql/dataflow: * [*], codeql/typetracking: not * [*] {dependency: codeql/dataflow@* [*] requires codeql/typetracking@2.0.14}}
[2025-12-09 17:03:07] [SPAMMY] resolve library-path> [DERIVATION] codeql/ssa: * [*] {codeql/dataflow: * [*], codeql/ssa: not * [*] {dependency: codeql/dataflow@* [*] requires codeql/ssa@2.0.6}}
[2025-12-09 17:03:07] [SPAMMY] resolve library-path> [DERIVATION] codeql/controlflow: * [*] {codeql/dataflow: * [*], codeql/controlflow: not * [*] {dependency: codeql/dataflow@* [*] requires codeql/controlflow@2.0.14}}
[2025-12-09 17:03:07] [SPAMMY] resolve library-path> [INCOMPATIBILITY] codeql/controlflow: * [*], codeql/util: not * [*] {dependency: codeql/controlflow@* [*] requires codeql/util@2.0.17}
[2025-12-09 17:03:07] [SPAMMY] resolve library-path> [DECISION 5] codeql/controlflow: 2.0.14
[2025-12-09 17:03:07] [SPAMMY] resolve library-path> [INCOMPATIBILITY] codeql/mad: * [*], codeql/dataflow: not * [*] {dependency: codeql/mad@* [*] requires codeql/dataflow@2.0.14}
[2025-12-09 17:03:07] [SPAMMY] resolve library-path> [INCOMPATIBILITY] codeql/mad: * [*], codeql/util: not * [*] {dependency: codeql/mad@* [*] requires codeql/util@2.0.17}
[2025-12-09 17:03:07] [SPAMMY] resolve library-path> [DECISION 6] codeql/mad: 1.0.30
[2025-12-09 17:03:07] [SPAMMY] resolve library-path> [INCOMPATIBILITY] codeql/regex: * [*], codeql/util: not * [*] {dependency: codeql/regex@* [*] requires codeql/util@2.0.17}
[2025-12-09 17:03:07] [SPAMMY] resolve library-path> [DECISION 7] codeql/regex: 1.0.30
[2025-12-09 17:03:07] [SPAMMY] resolve library-path> [INCOMPATIBILITY] codeql/ssa: * [*], codeql/controlflow: not * [*] {dependency: codeql/ssa@* [*] requires codeql/controlflow@2.0.14}
[2025-12-09 17:03:07] [SPAMMY] resolve library-path> [INCOMPATIBILITY] codeql/ssa: * [*], codeql/util: not * [*] {dependency: codeql/ssa@* [*] requires codeql/util@2.0.17}
[2025-12-09 17:03:07] [SPAMMY] resolve library-path> [DECISION 8] codeql/ssa: 2.0.6
[2025-12-09 17:03:07] [SPAMMY] resolve library-path> [DECISION 9] codeql/threat-models: 1.0.30
[2025-12-09 17:03:07] [SPAMMY] resolve library-path> [DECISION 10] codeql/tutorial: 1.0.30
[2025-12-09 17:03:07] [SPAMMY] resolve library-path> [INCOMPATIBILITY] codeql/typetracking: * [*], codeql/util: not * [*] {dependency: codeql/typetracking@* [*] requires codeql/util@2.0.17}
[2025-12-09 17:03:07] [SPAMMY] resolve library-path> [DECISION 11] codeql/typetracking: 2.0.14
[2025-12-09 17:03:07] [SPAMMY] resolve library-path> [DECISION 12] codeql/util: 2.0.17
[2025-12-09 17:03:07] [SPAMMY] resolve library-path> [INCOMPATIBILITY] codeql/xml: * [*], codeql/util: not * [*] {dependency: codeql/xml@* [*] requires codeql/util@2.0.17}
[2025-12-09 17:03:07] [SPAMMY] resolve library-path> [DECISION 13] codeql/xml: 1.0.30
[2025-12-09 17:03:07] [SPAMMY] resolve library-path> [DECISION 14] codeql/yaml: 1.0.30
[2025-12-09 17:03:07] [DETAILS] resolve library-path> QL pack dependencies for /home/drapsague/Devoteam/5_CIR/Lens/target/ql resolved OK.
[2025-12-09 17:03:07] [DETAILS] resolve library-path> Found dbscheme through QL packs: /home/drapsague/.codeql/packages/codeql/python-all/4.0.14/semmlecode.python.dbscheme.
[2025-12-09 17:03:07] Plumbing command codeql resolve library-path completed:
                      {
                        "libraryPath" : [
                          "/home/drapsague/Devoteam/5_CIR/Lens/target/ql",
                          "/home/drapsague/.codeql/packages/codeql/python-all/4.0.14",
                          "/home/drapsague/.codeql/packages/codeql/concepts/0.0.4",
                          "/home/drapsague/.codeql/packages/codeql/dataflow/2.0.14",
                          "/home/drapsague/.codeql/packages/codeql/controlflow/2.0.14",
                          "/home/drapsague/.codeql/packages/codeql/mad/1.0.30",
                          "/home/drapsague/.codeql/packages/codeql/regex/1.0.30",
                          "/home/drapsague/.codeql/packages/codeql/ssa/2.0.6",
                          "/home/drapsague/.codeql/packages/codeql/threat-models/1.0.30",
                          "/home/drapsague/.codeql/packages/codeql/tutorial/1.0.30",
                          "/home/drapsague/.codeql/packages/codeql/typetracking/2.0.14",
                          "/home/drapsague/.codeql/packages/codeql/util/2.0.17",
                          "/home/drapsague/.codeql/packages/codeql/xml/1.0.30",
                          "/home/drapsague/.codeql/packages/codeql/yaml/1.0.30"
                        ],
                        "dbscheme" : "/home/drapsague/.codeql/packages/codeql/python-all/4.0.14/semmlecode.python.dbscheme",
                        "compilationCache" : [
                          "/home/drapsague/.codeql/compile-cache"
                        ],
                        "relativeName" : "getting-started/codeql-extra-queries-2-python/internalFunc.ql",
                        "qlPackName" : "getting-started/codeql-extra-queries-2-python"
                      }
[2025-12-09 17:03:07] [PROGRESS] execute queries> Compiling query plan for /home/drapsague/Devoteam/5_CIR/Lens/target/ql/internalFunc.ql.
[2025-12-09 17:03:07] [DETAILS] execute queries> Resolving imports for /home/drapsague/Devoteam/5_CIR/Lens/target/ql/internalFunc.ql.
[2025-12-09 17:03:08] Resolved file set for /home/drapsague/Devoteam/5_CIR/Lens/target/ql/internalFunc.ql hashes to a5d0c967087d899b9c3c3aa8cf59e74e.
[2025-12-09 17:03:08] [DETAILS] execute queries> Checking QL for /home/drapsague/Devoteam/5_CIR/Lens/target/ql/internalFunc.ql.
[2025-12-09 17:03:08] Stale frontend caches are invalidated based on import graph reachability.
[2025-12-09 17:03:08] ExternalModuleBindingPass ...
[2025-12-09 17:03:10] ExternalModuleBindingPass time: 00:01.239
[2025-12-09 17:03:10] CollectInstantiationsPass ...
[2025-12-09 17:03:10] CollectInstantiationsPass time: 00:00.252
[2025-12-09 17:03:10] Ql checks ...
[2025-12-09 17:03:13] Ql checks time: 00:02.743
[2025-12-09 17:03:16] [ERROR] execute queries> ERROR: getId() cannot be resolved for type Function::Parameter (/home/drapsague/Devoteam/5_CIR/Lens/target/ql/internalFunc.ql:22,29-34)
[2025-12-09 17:03:16] Sequence stamp origin is -5971996606758478689
[2025-12-09 17:03:16] Pausing evaluation to close the cache at sequence stamp o+0
[2025-12-09 17:03:16] The disk cache is freshly trimmed; leave it be.
[2025-12-09 17:03:16] Unpausing evaluation
[2025-12-09 17:03:16] This NaiveBuddyAllocator requested 0 eviction rounds.
[2025-12-09 17:03:16] Exiting with code 2
