[2025-12-22 15:02:30] This is codeql execute queries -J-Xmx1800M --off-heap-ram=1606 --verbosity=progress --logdir=/home/drapsague/Devoteam/5_CIR/Lens/target/flask-db/log --evaluator-log-level=5 --threads=5 --warnings=show --qlconfig-file=/home/drapsague/Devoteam/5_CIR/Lens/qlconfig.yml --dynamic-join-order-mode=none -- /home/drapsague/Devoteam/5_CIR/Lens/target/flask-db/db-python path:/home/drapsague/Devoteam/5_CIR/Lens/detect_cwe639.ql
[2025-12-22 15:02:30] Calling plumbing command: codeql resolve queries --qlconfig-file=/home/drapsague/Devoteam/5_CIR/Lens/qlconfig.yml --format=json -- path:/home/drapsague/Devoteam/5_CIR/Lens/detect_cwe639.ql
[2025-12-22 15:02:31] [PROGRESS] resolve queries> Recording pack reference (anonymous QL pack at /home/drapsague/Devoteam/5_CIR/Lens/detect_cwe639.ql) at /home/drapsague/Devoteam/5_CIR/Lens.
[2025-12-22 15:02:31] Plumbing command codeql resolve queries completed:
                      [
                        "/home/drapsague/Devoteam/5_CIR/Lens/detect_cwe639.ql"
                      ]
[2025-12-22 15:02:31] Refusing fancy output: The terminal is not an xterm: screen-256color
[2025-12-22 15:02:31] Creating executor with 5 threads.
[2025-12-22 15:02:31] Calling plumbing command: codeql resolve extensions --qlconfig-file=/home/drapsague/Devoteam/5_CIR/Lens/qlconfig.yml --include-extension-row-locations path:/home/drapsague/Devoteam/5_CIR/Lens/detect_cwe639.ql
[2025-12-22 15:02:31] Calling plumbing command: codeql resolve queries --qlconfig-file=/home/drapsague/Devoteam/5_CIR/Lens/qlconfig.yml --allow-library-packs --format startingpacks -- path:/home/drapsague/Devoteam/5_CIR/Lens/detect_cwe639.ql
[2025-12-22 15:02:31] [PROGRESS] resolve queries> Recording pack reference (anonymous QL pack at /home/drapsague/Devoteam/5_CIR/Lens/detect_cwe639.ql) at /home/drapsague/Devoteam/5_CIR/Lens.
[2025-12-22 15:02:31] Plumbing command codeql resolve queries completed:
                      [
                        "/home/drapsague/Devoteam/5_CIR/Lens"
                      ]
[2025-12-22 15:02:31] Calling plumbing command: codeql resolve extensions-by-pack --qlconfig-file=/home/drapsague/Devoteam/5_CIR/Lens/qlconfig.yml --include-extension-row-locations -- /home/drapsague/Devoteam/5_CIR/Lens
[2025-12-22 15:02:31] [SPAMMY] resolve extensions-by-pack> [INCOMPATIBILITY] <anonymous pack>: not 0.0.0 {root: <anonymous pack>@0.0.0}
[2025-12-22 15:02:31] [SPAMMY] resolve extensions-by-pack> [DERIVATION] <anonymous pack>: 0.0.0 {<anonymous pack>: not 0.0.0 {root: <anonymous pack>@0.0.0}}
[2025-12-22 15:02:31] [SPAMMY] resolve extensions-by-pack> [DECISION 1] <anonymous pack>: 0.0.0
[2025-12-22 15:02:31] Plumbing command codeql resolve extensions-by-pack completed:
                      {
                        "models" : [ ],
                        "data" : { },
                        "threatModels" : { },
                        "extensionPacks" : [ ]
                      }
[2025-12-22 15:02:31] Plumbing command codeql resolve extensions completed:
                      {
                        "models" : [ ],
                        "data" : { },
                        "threatModels" : { },
                        "extensionPacks" : [ ]
                      }
[2025-12-22 15:02:31] Calling plumbing command: codeql resolve library-path --qlconfig-file=/home/drapsague/Devoteam/5_CIR/Lens/qlconfig.yml --query=/home/drapsague/Devoteam/5_CIR/Lens/detect_cwe639.ql --format=json
[2025-12-22 15:02:31] [DETAILS] resolve library-path> Resolving query at normalized path /home/drapsague/Devoteam/5_CIR/Lens/detect_cwe639.ql.
[2025-12-22 15:02:31] [DETAILS] resolve library-path> Found no pack; trying after symlink resolution with /home/drapsague/Devoteam/5_CIR/Lens/detect_cwe639.ql.
[2025-12-22 15:02:31] [DETAILS] resolve library-path> Found enclosing pack 'Lens' at /home/drapsague/Devoteam/5_CIR/Lens.
[2025-12-22 15:02:31] [DETAILS] resolve library-path> Adding compilation cache at /home/drapsague/.codeql/compile-cache.
[2025-12-22 15:02:31] [DETAILS] resolve library-path> Resolving library dependencies from /home/drapsague/Devoteam/5_CIR/Lens/detect_cwe639.ql.
[2025-12-22 15:02:31] [SPAMMY] resolve library-path> [INCOMPATIBILITY] <anonymous pack>: not 0.0.0 {root: <anonymous pack>@0.0.0}
[2025-12-22 15:02:31] [SPAMMY] resolve library-path> [DERIVATION] <anonymous pack>: 0.0.0 {<anonymous pack>: not 0.0.0 {root: <anonymous pack>@0.0.0}}
[2025-12-22 15:02:31] [SPAMMY] resolve library-path> [DECISION 1] <anonymous pack>: 0.0.0
[2025-12-22 15:02:31] [DETAILS] resolve library-path> QL pack dependencies for /home/drapsague/Devoteam/5_CIR/Lens resolved OK.
[2025-12-22 15:02:31] [DETAILS] resolve library-path> Found no dbscheme through dependencies.
[2025-12-22 15:02:31] Plumbing command codeql resolve library-path completed:
                      {
                        "libraryPath" : [
                          "/home/drapsague/Devoteam/5_CIR/Lens"
                        ],
                        "compilationCache" : [
                          "/home/drapsague/.codeql/compile-cache"
                        ],
                        "relativeName" : "Lens/detect_cwe639.ql",
                        "possibleAdvice" : "There should probably be a qlpack.yml file declaring dependencies in /home/drapsague/Devoteam/5_CIR/Lens or an enclosing directory.",
                        "qlPackName" : "Lens"
                      }
[2025-12-22 15:02:31] [PROGRESS] execute queries> Compiling query plan for /home/drapsague/Devoteam/5_CIR/Lens/detect_cwe639.ql.
[2025-12-22 15:02:31] [DETAILS] execute queries> Resolving imports for /home/drapsague/Devoteam/5_CIR/Lens/detect_cwe639.ql.
[2025-12-22 15:02:31] Resolved file set for /home/drapsague/Devoteam/5_CIR/Lens/detect_cwe639.ql hashes to fc7aafe0953e5deeedbc4c66e12ea730.
[2025-12-22 15:02:31] [DETAILS] execute queries> Checking QL for /home/drapsague/Devoteam/5_CIR/Lens/detect_cwe639.ql.
[2025-12-22 15:02:31] Stale frontend caches are invalidated based on import graph reachability.
[2025-12-22 15:02:31] ExternalModuleBindingPass ...
[2025-12-22 15:02:31] ExternalModuleBindingPass time: 00:00.010
[2025-12-22 15:02:31] CollectInstantiationsPass ...
[2025-12-22 15:02:31] CollectInstantiationsPass time: 00:00.013
[2025-12-22 15:02:31] Ql checks ...
[2025-12-22 15:02:31] Ql checks time: 00:00.095
[2025-12-22 15:02:32] [ERROR] execute queries> ERROR: could not resolve module python (/home/drapsague/Devoteam/5_CIR/Lens/detect_cwe639.ql:9,8-14)
[2025-12-22 15:02:32] [ERROR] execute queries> ERROR: could not resolve module semmle.python.dataflow.new.TaintTracking (/home/drapsague/Devoteam/5_CIR/Lens/detect_cwe639.ql:10,8-48)
[2025-12-22 15:02:32] [ERROR] execute queries> ERROR: could not resolve module semmle.python.dataflow.new.DataFlow (/home/drapsague/Devoteam/5_CIR/Lens/detect_cwe639.ql:11,8-43)
[2025-12-22 15:02:32] [ERROR] execute queries> ERROR: could not resolve module DataFlow (/home/drapsague/Devoteam/5_CIR/Lens/detect_cwe639.ql:12,8-16)
[2025-12-22 15:02:32] [ERROR] execute queries> ERROR: could not resolve module TaintTracking (/home/drapsague/Devoteam/5_CIR/Lens/detect_cwe639.ql:15,30-43)
[2025-12-22 15:02:32] [ERROR] execute queries> ERROR: could not resolve module DataFlow (/home/drapsague/Devoteam/5_CIR/Lens/detect_cwe639.ql:18,31-39)
[2025-12-22 15:02:32] [ERROR] execute queries> ERROR: could not resolve module DataFlow (/home/drapsague/Devoteam/5_CIR/Lens/detect_cwe639.ql:22,29-37)
[2025-12-22 15:02:32] [ERROR] execute queries> ERROR: could not resolve module DataFlow (/home/drapsague/Devoteam/5_CIR/Lens/detect_cwe639.ql:27,29-37)
[2025-12-22 15:02:32] [ERROR] execute queries> ERROR: could not resolve module DataFlow (/home/drapsague/Devoteam/5_CIR/Lens/detect_cwe639.ql:27,56-64)
[2025-12-22 15:02:32] [WARN] execute queries> WARNING: unused method 'isSource' (/home/drapsague/Devoteam/5_CIR/Lens/detect_cwe639.ql:18,22-30)
[2025-12-22 15:02:32] [WARN] execute queries> WARNING: unused method 'isSink' (/home/drapsague/Devoteam/5_CIR/Lens/detect_cwe639.ql:22,22-28)
[2025-12-22 15:02:32] [ERROR] execute queries> ERROR: could not resolve module python (/home/drapsague/Devoteam/5_CIR/Lens/LLMModels.qll:6,12-18)
[2025-12-22 15:02:32] [ERROR] execute queries> ERROR: could not resolve module semmle.python.dataflow.new.DataFlow (/home/drapsague/Devoteam/5_CIR/Lens/LLMModels.qll:7,12-47)
[2025-12-22 15:02:32] [ERROR] execute queries> ERROR: could not resolve module semmle.python.ApiGraphs (/home/drapsague/Devoteam/5_CIR/Lens/LLMModels.qll:8,12-35)
[2025-12-22 15:02:32] [ERROR] execute queries> ERROR: could not resolve module DataFlow (/home/drapsague/Devoteam/5_CIR/Lens/LLMModels.qll:11,36-44)
[2025-12-22 15:02:32] [ERROR] execute queries> ERROR: could not resolve type Function (/home/drapsague/Devoteam/5_CIR/Lens/LLMModels.qll:12,16-24)
[2025-12-22 15:02:32] [ERROR] execute queries> ERROR: could not resolve module DataFlow (/home/drapsague/Devoteam/5_CIR/Lens/LLMModels.qll:40,34-42)
[2025-12-22 15:02:32] [ERROR] execute queries> ERROR: could not resolve module API (/home/drapsague/Devoteam/5_CIR/Lens/LLMModels.qll:41,16-19)
[2025-12-22 15:02:32] [ERROR] execute queries> ERROR: could not resolve module API (/home/drapsague/Devoteam/5_CIR/Lens/LLMModels.qll:43,21-24)
[2025-12-22 15:02:32] [ERROR] execute queries> ERROR: could not resolve module API (/home/drapsague/Devoteam/5_CIR/Lens/LLMModels.qll:44,21-24)
[2025-12-22 15:02:32] [ERROR] execute queries> ERROR: could not resolve module API (/home/drapsague/Devoteam/5_CIR/Lens/LLMModels.qll:45,21-24)
[2025-12-22 15:02:32] [ERROR] execute queries> ERROR: could not resolve module API (/home/drapsague/Devoteam/5_CIR/Lens/LLMModels.qll:46,21-24)
[2025-12-22 15:02:32] [ERROR] execute queries> ERROR: could not resolve module API (/home/drapsague/Devoteam/5_CIR/Lens/LLMModels.qll:47,21-24)
[2025-12-22 15:02:32] [ERROR] execute queries> ERROR: could not resolve module API (/home/drapsague/Devoteam/5_CIR/Lens/LLMModels.qll:48,21-24)
[2025-12-22 15:02:32] Sequence stamp origin is -5967203573134180680
[2025-12-22 15:02:32] Pausing evaluation to close the cache at sequence stamp o+0
[2025-12-22 15:02:32] The disk cache is freshly trimmed; leave it be.
[2025-12-22 15:02:32] Unpausing evaluation
[2025-12-22 15:02:32] This NaiveBuddyAllocator requested 0 eviction rounds.
[2025-12-22 15:02:32] Exiting with code 2
