[2025-12-22 15:03:44] This is codeql execute queries -J-Xmx1800M --off-heap-ram=1606 --verbosity=progress --logdir=/home/drapsague/Devoteam/5_CIR/Lens/target/flask-db/log --evaluator-log-level=5 --threads=5 --warnings=show --qlconfig-file=/home/drapsague/Devoteam/5_CIR/Lens/qlconfig.yml --dynamic-join-order-mode=none -- /home/drapsague/Devoteam/5_CIR/Lens/target/flask-db/db-python path:/home/drapsague/Devoteam/5_CIR/Lens/detect_cwe639.ql
[2025-12-22 15:03:44] Calling plumbing command: codeql resolve queries --qlconfig-file=/home/drapsague/Devoteam/5_CIR/Lens/qlconfig.yml --format=json -- path:/home/drapsague/Devoteam/5_CIR/Lens/detect_cwe639.ql
[2025-12-22 15:03:44] [PROGRESS] resolve queries> Recording pack reference (anonymous QL pack at /home/drapsague/Devoteam/5_CIR/Lens/detect_cwe639.ql) at /home/drapsague/Devoteam/5_CIR/Lens.
[2025-12-22 15:03:44] Plumbing command codeql resolve queries completed:
                      [
                        "/home/drapsague/Devoteam/5_CIR/Lens/detect_cwe639.ql"
                      ]
[2025-12-22 15:03:44] Refusing fancy output: The terminal is not an xterm: screen-256color
[2025-12-22 15:03:44] Creating executor with 5 threads.
[2025-12-22 15:03:44] Calling plumbing command: codeql resolve extensions --qlconfig-file=/home/drapsague/Devoteam/5_CIR/Lens/qlconfig.yml --include-extension-row-locations path:/home/drapsague/Devoteam/5_CIR/Lens/detect_cwe639.ql
[2025-12-22 15:03:44] Calling plumbing command: codeql resolve queries --qlconfig-file=/home/drapsague/Devoteam/5_CIR/Lens/qlconfig.yml --allow-library-packs --format startingpacks -- path:/home/drapsague/Devoteam/5_CIR/Lens/detect_cwe639.ql
[2025-12-22 15:03:44] [PROGRESS] resolve queries> Recording pack reference (anonymous QL pack at /home/drapsague/Devoteam/5_CIR/Lens/detect_cwe639.ql) at /home/drapsague/Devoteam/5_CIR/Lens.
[2025-12-22 15:03:44] Plumbing command codeql resolve queries completed:
                      [
                        "/home/drapsague/Devoteam/5_CIR/Lens"
                      ]
[2025-12-22 15:03:44] Calling plumbing command: codeql resolve extensions-by-pack --qlconfig-file=/home/drapsague/Devoteam/5_CIR/Lens/qlconfig.yml --include-extension-row-locations -- /home/drapsague/Devoteam/5_CIR/Lens
[2025-12-22 15:03:44] [SPAMMY] resolve extensions-by-pack> [INCOMPATIBILITY] <anonymous pack>: not 0.0.0 {root: <anonymous pack>@0.0.0}
[2025-12-22 15:03:44] [SPAMMY] resolve extensions-by-pack> [DERIVATION] <anonymous pack>: 0.0.0 {<anonymous pack>: not 0.0.0 {root: <anonymous pack>@0.0.0}}
[2025-12-22 15:03:44] [SPAMMY] resolve extensions-by-pack> [DECISION 1] <anonymous pack>: 0.0.0
[2025-12-22 15:03:44] Plumbing command codeql resolve extensions-by-pack completed:
                      {
                        "models" : [ ],
                        "data" : { },
                        "threatModels" : { },
                        "extensionPacks" : [ ]
                      }
[2025-12-22 15:03:44] Plumbing command codeql resolve extensions completed:
                      {
                        "models" : [ ],
                        "data" : { },
                        "threatModels" : { },
                        "extensionPacks" : [ ]
                      }
[2025-12-22 15:03:44] Calling plumbing command: codeql resolve library-path --qlconfig-file=/home/drapsague/Devoteam/5_CIR/Lens/qlconfig.yml --query=/home/drapsague/Devoteam/5_CIR/Lens/detect_cwe639.ql --format=json
[2025-12-22 15:03:44] [DETAILS] resolve library-path> Resolving query at normalized path /home/drapsague/Devoteam/5_CIR/Lens/detect_cwe639.ql.
[2025-12-22 15:03:44] [DETAILS] resolve library-path> Found no pack; trying after symlink resolution with /home/drapsague/Devoteam/5_CIR/Lens/detect_cwe639.ql.
[2025-12-22 15:03:44] [DETAILS] resolve library-path> Found enclosing pack 'Lens' at /home/drapsague/Devoteam/5_CIR/Lens.
[2025-12-22 15:03:44] [DETAILS] resolve library-path> Adding compilation cache at /home/drapsague/.codeql/compile-cache.
[2025-12-22 15:03:44] [DETAILS] resolve library-path> Resolving library dependencies from /home/drapsague/Devoteam/5_CIR/Lens/detect_cwe639.ql.
[2025-12-22 15:03:44] [SPAMMY] resolve library-path> [INCOMPATIBILITY] <anonymous pack>: not 0.0.0 {root: <anonymous pack>@0.0.0}
[2025-12-22 15:03:44] [SPAMMY] resolve library-path> [DERIVATION] <anonymous pack>: 0.0.0 {<anonymous pack>: not 0.0.0 {root: <anonymous pack>@0.0.0}}
[2025-12-22 15:03:44] [SPAMMY] resolve library-path> [DECISION 1] <anonymous pack>: 0.0.0
[2025-12-22 15:03:44] [DETAILS] resolve library-path> QL pack dependencies for /home/drapsague/Devoteam/5_CIR/Lens resolved OK.
[2025-12-22 15:03:44] [DETAILS] resolve library-path> Found no dbscheme through dependencies.
[2025-12-22 15:03:44] Plumbing command codeql resolve library-path completed:
                      {
                        "libraryPath" : [
                          "/home/drapsague/Devoteam/5_CIR/Lens"
                        ],
                        "compilationCache" : [
                          "/home/drapsague/.codeql/compile-cache"
                        ],
                        "relativeName" : "Lens/detect_cwe639.ql",
                        "possibleAdvice" : "There should probably be a qlpack.yml file declaring dependencies in /home/drapsague/Devoteam/5_CIR/Lens or an enclosing directory.",
                        "qlPackName" : "Lens"
                      }
[2025-12-22 15:03:44] [PROGRESS] execute queries> Compiling query plan for /home/drapsague/Devoteam/5_CIR/Lens/detect_cwe639.ql.
[2025-12-22 15:03:44] [DETAILS] execute queries> Resolving imports for /home/drapsague/Devoteam/5_CIR/Lens/detect_cwe639.ql.
[2025-12-22 15:03:44] Resolved file set for /home/drapsague/Devoteam/5_CIR/Lens/detect_cwe639.ql hashes to e393bbef0ea20ecee1cff0ee9da8adce.
[2025-12-22 15:03:44] [DETAILS] execute queries> Checking QL for /home/drapsague/Devoteam/5_CIR/Lens/detect_cwe639.ql.
[2025-12-22 15:03:44] Stale frontend caches are invalidated based on import graph reachability.
[2025-12-22 15:03:44] ExternalModuleBindingPass ...
[2025-12-22 15:03:45] ExternalModuleBindingPass time: 00:00.010
[2025-12-22 15:03:45] CollectInstantiationsPass ...
[2025-12-22 15:03:45] CollectInstantiationsPass time: 00:00.011
[2025-12-22 15:03:45] Ql checks ...
[2025-12-22 15:03:45] Ql checks time: 00:00.074
[2025-12-22 15:03:45] [ERROR] execute queries> ERROR: could not resolve module python (/home/drapsague/Devoteam/5_CIR/Lens/detect_cwe639.ql:9,8-14)
[2025-12-22 15:03:45] [ERROR] execute queries> ERROR: could not resolve module semmle.python.dataflow.new.TaintTracking (/home/drapsague/Devoteam/5_CIR/Lens/detect_cwe639.ql:10,8-48)
[2025-12-22 15:03:45] [ERROR] execute queries> ERROR: could not resolve module semmle.python.dataflow.new.DataFlow (/home/drapsague/Devoteam/5_CIR/Lens/detect_cwe639.ql:11,8-43)
[2025-12-22 15:03:45] [ERROR] execute queries> ERROR: could not resolve module DataFlow (/home/drapsague/Devoteam/5_CIR/Lens/detect_cwe639.ql:12,8-16)
[2025-12-22 15:03:45] [ERROR] execute queries> ERROR: could not resolve module TaintTracking (/home/drapsague/Devoteam/5_CIR/Lens/detect_cwe639.ql:15,30-43)
[2025-12-22 15:03:45] [ERROR] execute queries> ERROR: could not resolve module DataFlow (/home/drapsague/Devoteam/5_CIR/Lens/detect_cwe639.ql:18,31-39)
[2025-12-22 15:03:45] [ERROR] execute queries> ERROR: could not resolve module DataFlow (/home/drapsague/Devoteam/5_CIR/Lens/detect_cwe639.ql:22,29-37)
[2025-12-22 15:03:45] [ERROR] execute queries> ERROR: could not resolve module DataFlow (/home/drapsague/Devoteam/5_CIR/Lens/detect_cwe639.ql:27,29-37)
[2025-12-22 15:03:45] [ERROR] execute queries> ERROR: could not resolve module DataFlow (/home/drapsague/Devoteam/5_CIR/Lens/detect_cwe639.ql:27,56-64)
[2025-12-22 15:03:45] [WARN] execute queries> WARNING: unused method 'isSource' (/home/drapsague/Devoteam/5_CIR/Lens/detect_cwe639.ql:18,22-30)
[2025-12-22 15:03:45] [WARN] execute queries> WARNING: unused method 'isSink' (/home/drapsague/Devoteam/5_CIR/Lens/detect_cwe639.ql:22,22-28)
[2025-12-22 15:03:45] [ERROR] execute queries> ERROR: could not resolve module python (/home/drapsague/Devoteam/5_CIR/Lens/LLMModels.qll:6,8-14)
[2025-12-22 15:03:45] [ERROR] execute queries> ERROR: could not resolve module semmle.python.dataflow.new.DataFlow (/home/drapsague/Devoteam/5_CIR/Lens/LLMModels.qll:7,8-43)
[2025-12-22 15:03:45] [ERROR] execute queries> ERROR: could not resolve module semmle.python.ApiGraphs (/home/drapsague/Devoteam/5_CIR/Lens/LLMModels.qll:8,8-31)
[2025-12-22 15:03:45] [ERROR] execute queries> ERROR: could not resolve module DataFlow (/home/drapsague/Devoteam/5_CIR/Lens/LLMModels.qll:11,32-40)
[2025-12-22 15:03:45] [ERROR] execute queries> ERROR: could not resolve type Function (/home/drapsague/Devoteam/5_CIR/Lens/LLMModels.qll:12,12-20)
[2025-12-22 15:03:45] [ERROR] execute queries> ERROR: could not resolve module DataFlow (/home/drapsague/Devoteam/5_CIR/Lens/LLMModels.qll:40,30-38)
[2025-12-22 15:03:45] [ERROR] execute queries> ERROR: could not resolve module API (/home/drapsague/Devoteam/5_CIR/Lens/LLMModels.qll:41,12-15)
[2025-12-22 15:03:45] [ERROR] execute queries> ERROR: could not resolve module API (/home/drapsague/Devoteam/5_CIR/Lens/LLMModels.qll:43,17-20)
[2025-12-22 15:03:45] [ERROR] execute queries> ERROR: could not resolve module API (/home/drapsague/Devoteam/5_CIR/Lens/LLMModels.qll:44,17-20)
[2025-12-22 15:03:45] [ERROR] execute queries> ERROR: could not resolve module API (/home/drapsague/Devoteam/5_CIR/Lens/LLMModels.qll:45,17-20)
[2025-12-22 15:03:45] [ERROR] execute queries> ERROR: could not resolve module API (/home/drapsague/Devoteam/5_CIR/Lens/LLMModels.qll:46,17-20)
[2025-12-22 15:03:45] [ERROR] execute queries> ERROR: could not resolve module API (/home/drapsague/Devoteam/5_CIR/Lens/LLMModels.qll:47,17-20)
[2025-12-22 15:03:45] [ERROR] execute queries> ERROR: could not resolve module API (/home/drapsague/Devoteam/5_CIR/Lens/LLMModels.qll:48,17-20)
[2025-12-22 15:03:45] Sequence stamp origin is -5967203258988171451
[2025-12-22 15:03:45] Pausing evaluation to close the cache at sequence stamp o+0
[2025-12-22 15:03:45] The disk cache is freshly trimmed; leave it be.
[2025-12-22 15:03:45] Unpausing evaluation
[2025-12-22 15:03:45] This NaiveBuddyAllocator requested 0 eviction rounds.
[2025-12-22 15:03:45] Exiting with code 2
